<?xml version="1.0" encoding="UTF-8"?>
<testsuite xmlns:xsi="http://www.w3.org/2001/XMLSchema-instance" xsi:noNamespaceSchemaLocation="https://maven.apache.org/surefire/maven-surefire-plugin/xsd/surefire-test-report-3.0.xsd" version="3.0" name="tests.TestControlValidDataTransportOrder" time="49.47" tests="9" errors="0" skipped="0" failures="0">
  <properties>
    <property name="java.specification.version" value="17"/>
    <property name="sun.cpu.isalist" value="amd64"/>
    <property name="sun.jnu.encoding" value="Cp1251"/>
    <property name="java.class.path" value="F:\eclipse-workspace\RESTSuo\target\test-classes;F:\eclipse-workspace\RESTSuo\target\classes;C:\Windows\system32\config\systemprofile\.m2\repository\io\rest-assured\rest-assured\4.4.0\rest-assured-4.4.0.jar;C:\Windows\system32\config\systemprofile\.m2\repository\org\codehaus\groovy\groovy\3.0.8\groovy-3.0.8.jar;C:\Windows\system32\config\systemprofile\.m2\repository\org\codehaus\groovy\groovy-xml\3.0.8\groovy-xml-3.0.8.jar;C:\Windows\system32\config\systemprofile\.m2\repository\org\apache\httpcomponents\httpclient\4.5.13\httpclient-4.5.13.jar;C:\Windows\system32\config\systemprofile\.m2\repository\org\apache\httpcomponents\httpcore\4.4.13\httpcore-4.4.13.jar;C:\Windows\system32\config\systemprofile\.m2\repository\commons-logging\commons-logging\1.2\commons-logging-1.2.jar;C:\Windows\system32\config\systemprofile\.m2\repository\commons-codec\commons-codec\1.11\commons-codec-1.11.jar;C:\Windows\system32\config\systemprofile\.m2\repository\org\apache\httpcomponents\httpmime\4.5.13\httpmime-4.5.13.jar;C:\Windows\system32\config\systemprofile\.m2\repository\org\hamcrest\hamcrest\2.1\hamcrest-2.1.jar;C:\Windows\system32\config\systemprofile\.m2\repository\org\ccil\cowan\tagsoup\tagsoup\1.2.1\tagsoup-1.2.1.jar;C:\Windows\system32\config\systemprofile\.m2\repository\io\rest-assured\json-path\4.4.0\json-path-4.4.0.jar;C:\Windows\system32\config\systemprofile\.m2\repository\org\codehaus\groovy\groovy-json\3.0.8\groovy-json-3.0.8.jar;C:\Windows\system32\config\systemprofile\.m2\repository\io\rest-assured\rest-assured-common\4.4.0\rest-assured-common-4.4.0.jar;C:\Windows\system32\config\systemprofile\.m2\repository\io\rest-assured\xml-path\4.4.0\xml-path-4.4.0.jar;C:\Windows\system32\config\systemprofile\.m2\repository\org\apache\commons\commons-lang3\3.11\commons-lang3-3.11.jar;C:\Windows\system32\config\systemprofile\.m2\repository\jakarta\xml\bind\jakarta.xml.bind-api\2.3.3\jakarta.xml.bind-api-2.3.3.jar;C:\Windows\system32\config\systemprofile\.m2\repository\com\sun\xml\bind\jaxb-impl\2.3.3\jaxb-impl-2.3.3.jar;C:\Windows\system32\config\systemprofile\.m2\repository\org\postgresql\postgresql\42.7.1\postgresql-42.7.1.jar;C:\Windows\system32\config\systemprofile\.m2\repository\org\checkerframework\checker-qual\3.41.0\checker-qual-3.41.0.jar;C:\Windows\system32\config\systemprofile\.m2\repository\junit\junit\4.13.2\junit-4.13.2.jar;C:\Windows\system32\config\systemprofile\.m2\repository\org\hamcrest\hamcrest-core\1.3\hamcrest-core-1.3.jar;C:\Windows\system32\config\systemprofile\.m2\repository\com\googlecode\json-simple\json-simple\1.1.1\json-simple-1.1.1.jar;C:\Windows\system32\config\systemprofile\.m2\repository\com\sun\xml\messaging\saaj\saaj-impl\3.0.3\saaj-impl-3.0.3.jar;C:\Windows\system32\config\systemprofile\.m2\repository\jakarta\xml\soap\jakarta.xml.soap-api\3.0.1\jakarta.xml.soap-api-3.0.1.jar;C:\Windows\system32\config\systemprofile\.m2\repository\org\jvnet\staxex\stax-ex\2.1.0\stax-ex-2.1.0.jar;C:\Windows\system32\config\systemprofile\.m2\repository\jakarta\activation\jakarta.activation-api\2.1.2\jakarta.activation-api-2.1.2.jar;C:\Windows\system32\config\systemprofile\.m2\repository\org\eclipse\angus\angus-activation\2.0.1\angus-activation-2.0.1.jar;C:\Windows\system32\config\systemprofile\.m2\repository\org\seleniumhq\selenium\selenium-java\4.13.0\selenium-java-4.13.0.jar;C:\Windows\system32\config\systemprofile\.m2\repository\org\seleniumhq\selenium\selenium-api\4.13.0\selenium-api-4.13.0.jar;C:\Windows\system32\config\systemprofile\.m2\repository\org\seleniumhq\selenium\selenium-chrome-driver\4.13.0\selenium-chrome-driver-4.13.0.jar;C:\Windows\system32\config\systemprofile\.m2\repository\com\google\auto\service\auto-service-annotations\1.1.1\auto-service-annotations-1.1.1.jar;C:\Windows\system32\config\systemprofile\.m2\repository\com\google\guava\guava\32.1.2-jre\guava-32.1.2-jre.jar;C:\Windows\system32\config\systemprofile\.m2\repository\com\google\guava\failureaccess\1.0.1\failureaccess-1.0.1.jar;C:\Windows\system32\config\systemprofile\.m2\repository\com\google\guava\listenablefuture\9999.0-empty-to-avoid-conflict-with-guava\listenablefuture-9999.0-empty-to-avoid-conflict-with-guava.jar;C:\Windows\system32\config\systemprofile\.m2\repository\com\google\code\findbugs\jsr305\3.0.2\jsr305-3.0.2.jar;C:\Windows\system32\config\systemprofile\.m2\repository\com\google\errorprone\error_prone_annotations\2.18.0\error_prone_annotations-2.18.0.jar;C:\Windows\system32\config\systemprofile\.m2\repository\com\google\j2objc\j2objc-annotations\2.8\j2objc-annotations-2.8.jar;C:\Windows\system32\config\systemprofile\.m2\repository\org\seleniumhq\selenium\selenium-chromium-driver\4.13.0\selenium-chromium-driver-4.13.0.jar;C:\Windows\system32\config\systemprofile\.m2\repository\org\seleniumhq\selenium\selenium-json\4.13.0\selenium-json-4.13.0.jar;C:\Windows\system32\config\systemprofile\.m2\repository\org\seleniumhq\selenium\selenium-manager\4.13.0\selenium-manager-4.13.0.jar;C:\Windows\system32\config\systemprofile\.m2\repository\org\seleniumhq\selenium\selenium-devtools-v115\4.13.0\selenium-devtools-v115-4.13.0.jar;C:\Windows\system32\config\systemprofile\.m2\repository\org\seleniumhq\selenium\selenium-devtools-v116\4.13.0\selenium-devtools-v116-4.13.0.jar;C:\Windows\system32\config\systemprofile\.m2\repository\org\seleniumhq\selenium\selenium-devtools-v117\4.13.0\selenium-devtools-v117-4.13.0.jar;C:\Windows\system32\config\systemprofile\.m2\repository\org\seleniumhq\selenium\selenium-devtools-v85\4.13.0\selenium-devtools-v85-4.13.0.jar;C:\Windows\system32\config\systemprofile\.m2\repository\org\seleniumhq\selenium\selenium-edge-driver\4.13.0\selenium-edge-driver-4.13.0.jar;C:\Windows\system32\config\systemprofile\.m2\repository\org\seleniumhq\selenium\selenium-firefox-driver\4.13.0\selenium-firefox-driver-4.13.0.jar;C:\Windows\system32\config\systemprofile\.m2\repository\org\seleniumhq\selenium\selenium-http\4.13.0\selenium-http-4.13.0.jar;C:\Windows\system32\config\systemprofile\.m2\repository\dev\failsafe\failsafe\3.3.2\failsafe-3.3.2.jar;C:\Windows\system32\config\systemprofile\.m2\repository\org\seleniumhq\selenium\selenium-ie-driver\4.13.0\selenium-ie-driver-4.13.0.jar;C:\Windows\system32\config\systemprofile\.m2\repository\org\seleniumhq\selenium\selenium-remote-driver\4.13.0\selenium-remote-driver-4.13.0.jar;C:\Windows\system32\config\systemprofile\.m2\repository\io\netty\netty-buffer\4.1.96.Final\netty-buffer-4.1.96.Final.jar;C:\Windows\system32\config\systemprofile\.m2\repository\io\netty\netty-codec-http\4.1.96.Final\netty-codec-http-4.1.96.Final.jar;C:\Windows\system32\config\systemprofile\.m2\repository\io\netty\netty-codec\4.1.96.Final\netty-codec-4.1.96.Final.jar;C:\Windows\system32\config\systemprofile\.m2\repository\io\netty\netty-handler\4.1.96.Final\netty-handler-4.1.96.Final.jar;C:\Windows\system32\config\systemprofile\.m2\repository\io\netty\netty-common\4.1.96.Final\netty-common-4.1.96.Final.jar;C:\Windows\system32\config\systemprofile\.m2\repository\io\netty\netty-transport-classes-epoll\4.1.96.Final\netty-transport-classes-epoll-4.1.96.Final.jar;C:\Windows\system32\config\systemprofile\.m2\repository\io\netty\netty-transport-classes-kqueue\4.1.96.Final\netty-transport-classes-kqueue-4.1.96.Final.jar;C:\Windows\system32\config\systemprofile\.m2\repository\io\netty\netty-transport-native-epoll\4.1.96.Final\netty-transport-native-epoll-4.1.96.Final.jar;C:\Windows\system32\config\systemprofile\.m2\repository\io\netty\netty-transport-native-kqueue\4.1.96.Final\netty-transport-native-kqueue-4.1.96.Final.jar;C:\Windows\system32\config\systemprofile\.m2\repository\io\netty\netty-transport-native-unix-common\4.1.96.Final\netty-transport-native-unix-common-4.1.96.Final.jar;C:\Windows\system32\config\systemprofile\.m2\repository\io\netty\netty-transport\4.1.96.Final\netty-transport-4.1.96.Final.jar;C:\Windows\system32\config\systemprofile\.m2\repository\io\netty\netty-resolver\4.1.96.Final\netty-resolver-4.1.96.Final.jar;C:\Windows\system32\config\systemprofile\.m2\repository\io\opentelemetry\opentelemetry-api\1.28.0\opentelemetry-api-1.28.0.jar;C:\Windows\system32\config\systemprofile\.m2\repository\io\opentelemetry\opentelemetry-context\1.28.0\opentelemetry-context-1.28.0.jar;C:\Windows\system32\config\systemprofile\.m2\repository\io\opentelemetry\opentelemetry-exporter-logging\1.28.0\opentelemetry-exporter-logging-1.28.0.jar;C:\Windows\system32\config\systemprofile\.m2\repository\io\opentelemetry\opentelemetry-sdk-metrics\1.28.0\opentelemetry-sdk-metrics-1.28.0.jar;C:\Windows\system32\config\systemprofile\.m2\repository\io\opentelemetry\opentelemetry-extension-incubator\1.28.0-alpha\opentelemetry-extension-incubator-1.28.0-alpha.jar;C:\Windows\system32\config\systemprofile\.m2\repository\io\opentelemetry\opentelemetry-sdk-logs\1.28.0\opentelemetry-sdk-logs-1.28.0.jar;C:\Windows\system32\config\systemprofile\.m2\repository\io\opentelemetry\opentelemetry-sdk-common\1.28.0\opentelemetry-sdk-common-1.28.0.jar;C:\Windows\system32\config\systemprofile\.m2\repository\io\opentelemetry\opentelemetry-sdk-extension-autoconfigure-spi\1.28.0\opentelemetry-sdk-extension-autoconfigure-spi-1.28.0.jar;C:\Windows\system32\config\systemprofile\.m2\repository\io\opentelemetry\opentelemetry-sdk-extension-autoconfigure\1.28.0\opentelemetry-sdk-extension-autoconfigure-1.28.0.jar;C:\Windows\system32\config\systemprofile\.m2\repository\io\opentelemetry\opentelemetry-api-events\1.28.0-alpha\opentelemetry-api-events-1.28.0-alpha.jar;C:\Windows\system32\config\systemprofile\.m2\repository\io\opentelemetry\opentelemetry-sdk-trace\1.28.0\opentelemetry-sdk-trace-1.28.0.jar;C:\Windows\system32\config\systemprofile\.m2\repository\io\opentelemetry\opentelemetry-sdk\1.28.0\opentelemetry-sdk-1.28.0.jar;C:\Windows\system32\config\systemprofile\.m2\repository\io\opentelemetry\opentelemetry-semconv\1.28.0-alpha\opentelemetry-semconv-1.28.0-alpha.jar;C:\Windows\system32\config\systemprofile\.m2\repository\org\asynchttpclient\async-http-client\2.12.3\async-http-client-2.12.3.jar;C:\Windows\system32\config\systemprofile\.m2\repository\org\asynchttpclient\async-http-client-netty-utils\2.12.3\async-http-client-netty-utils-2.12.3.jar;C:\Windows\system32\config\systemprofile\.m2\repository\io\netty\netty-codec-socks\4.1.60.Final\netty-codec-socks-4.1.60.Final.jar;C:\Windows\system32\config\systemprofile\.m2\repository\io\netty\netty-handler-proxy\4.1.60.Final\netty-handler-proxy-4.1.60.Final.jar;C:\Windows\system32\config\systemprofile\.m2\repository\io\netty\netty-transport-native-epoll\4.1.60.Final\netty-transport-native-epoll-4.1.60.Final-linux-x86_64.jar;C:\Windows\system32\config\systemprofile\.m2\repository\io\netty\netty-transport-native-kqueue\4.1.60.Final\netty-transport-native-kqueue-4.1.60.Final-osx-x86_64.jar;C:\Windows\system32\config\systemprofile\.m2\repository\org\reactivestreams\reactive-streams\1.0.3\reactive-streams-1.0.3.jar;C:\Windows\system32\config\systemprofile\.m2\repository\com\typesafe\netty\netty-reactive-streams\2.0.4\netty-reactive-streams-2.0.4.jar;C:\Windows\system32\config\systemprofile\.m2\repository\com\sun\activation\jakarta.activation\1.2.2\jakarta.activation-1.2.2.jar;C:\Windows\system32\config\systemprofile\.m2\repository\org\seleniumhq\selenium\selenium-os\4.13.0\selenium-os-4.13.0.jar;C:\Windows\system32\config\systemprofile\.m2\repository\org\seleniumhq\selenium\selenium-safari-driver\4.13.0\selenium-safari-driver-4.13.0.jar;C:\Windows\system32\config\systemprofile\.m2\repository\org\seleniumhq\selenium\selenium-support\4.13.0\selenium-support-4.13.0.jar;C:\Windows\system32\config\systemprofile\.m2\repository\org\assertj\assertj-core\3.24.2\assertj-core-3.24.2.jar;C:\Windows\system32\config\systemprofile\.m2\repository\net\bytebuddy\byte-buddy\1.12.21\byte-buddy-1.12.21.jar;C:\Windows\system32\config\systemprofile\.m2\repository\io\qameta\allure\allure-maven\2.9\allure-maven-2.9.jar;C:\Windows\system32\config\systemprofile\.m2\repository\org\slf4j\slf4j-api\1.7.25\slf4j-api-1.7.25.jar;C:\Windows\system32\config\systemprofile\.m2\repository\com\fasterxml\jackson\core\jackson-databind\2.8.6\jackson-databind-2.8.6.jar;C:\Windows\system32\config\systemprofile\.m2\repository\com\fasterxml\jackson\core\jackson-annotations\2.8.0\jackson-annotations-2.8.0.jar;C:\Windows\system32\config\systemprofile\.m2\repository\com\fasterxml\jackson\core\jackson-core\2.8.6\jackson-core-2.8.6.jar;C:\Windows\system32\config\systemprofile\.m2\repository\org\apache\maven\maven-core\3.3.9\maven-core-3.3.9.jar;C:\Windows\system32\config\systemprofile\.m2\repository\org\apache\maven\maven-model\3.3.9\maven-model-3.3.9.jar;C:\Windows\system32\config\systemprofile\.m2\repository\org\apache\maven\maven-settings\3.3.9\maven-settings-3.3.9.jar;C:\Windows\system32\config\systemprofile\.m2\repository\org\apache\maven\maven-settings-builder\3.3.9\maven-settings-builder-3.3.9.jar;C:\Windows\system32\config\systemprofile\.m2\repository\org\apache\maven\maven-builder-support\3.3.9\maven-builder-support-3.3.9.jar;C:\Windows\system32\config\systemprofile\.m2\repository\org\apache\maven\maven-repository-metadata\3.3.9\maven-repository-metadata-3.3.9.jar;C:\Windows\system32\config\systemprofile\.m2\repository\org\apache\maven\maven-artifact\3.3.9\maven-artifact-3.3.9.jar;C:\Windows\system32\config\systemprofile\.m2\repository\org\apache\maven\maven-plugin-api\3.3.9\maven-plugin-api-3.3.9.jar;C:\Windows\system32\config\systemprofile\.m2\repository\org\apache\maven\maven-model-builder\3.3.9\maven-model-builder-3.3.9.jar;C:\Windows\system32\config\systemprofile\.m2\repository\org\apache\maven\maven-aether-provider\3.3.9\maven-aether-provider-3.3.9.jar;C:\Windows\system32\config\systemprofile\.m2\repository\org\eclipse\aether\aether-spi\1.0.2.v20150114\aether-spi-1.0.2.v20150114.jar;C:\Windows\system32\config\systemprofile\.m2\repository\org\eclipse\aether\aether-impl\1.0.2.v20150114\aether-impl-1.0.2.v20150114.jar;C:\Windows\system32\config\systemprofile\.m2\repository\org\eclipse\aether\aether-api\1.0.2.v20150114\aether-api-1.0.2.v20150114.jar;C:\Windows\system32\config\systemprofile\.m2\repository\org\eclipse\aether\aether-util\1.0.2.v20150114\aether-util-1.0.2.v20150114.jar;C:\Windows\system32\config\systemprofile\.m2\repository\org\eclipse\sisu\org.eclipse.sisu.plexus\0.3.2\org.eclipse.sisu.plexus-0.3.2.jar;C:\Windows\system32\config\systemprofile\.m2\repository\javax\enterprise\cdi-api\1.0\cdi-api-1.0.jar;C:\Windows\system32\config\systemprofile\.m2\repository\javax\annotation\jsr250-api\1.0\jsr250-api-1.0.jar;C:\Windows\system32\config\systemprofile\.m2\repository\org\eclipse\sisu\org.eclipse.sisu.inject\0.3.2\org.eclipse.sisu.inject-0.3.2.jar;C:\Windows\system32\config\systemprofile\.m2\repository\com\google\inject\guice\4.0\guice-4.0-no_aop.jar;C:\Windows\system32\config\systemprofile\.m2\repository\javax\inject\javax.inject\1\javax.inject-1.jar;C:\Windows\system32\config\systemprofile\.m2\repository\aopalliance\aopalliance\1.0\aopalliance-1.0.jar;C:\Windows\system32\config\systemprofile\.m2\repository\org\codehaus\plexus\plexus-interpolation\1.21\plexus-interpolation-1.21.jar;C:\Windows\system32\config\systemprofile\.m2\repository\org\codehaus\plexus\plexus-utils\3.0.22\plexus-utils-3.0.22.jar;C:\Windows\system32\config\systemprofile\.m2\repository\org\codehaus\plexus\plexus-classworlds\2.5.2\plexus-classworlds-2.5.2.jar;C:\Windows\system32\config\systemprofile\.m2\repository\org\codehaus\plexus\plexus-component-annotations\1.6\plexus-component-annotations-1.6.jar;C:\Windows\system32\config\systemprofile\.m2\repository\org\sonatype\plexus\plexus-sec-dispatcher\1.3\plexus-sec-dispatcher-1.3.jar;C:\Windows\system32\config\systemprofile\.m2\repository\org\sonatype\plexus\plexus-cipher\1.4\plexus-cipher-1.4.jar;C:\Windows\system32\config\systemprofile\.m2\repository\org\apache\maven\reporting\maven-reporting-impl\2.4\maven-reporting-impl-2.4.jar;C:\Windows\system32\config\systemprofile\.m2\repository\org\apache\maven\reporting\maven-reporting-api\3.0\maven-reporting-api-3.0.jar;C:\Windows\system32\config\systemprofile\.m2\repository\org\apache\maven\maven-project\2.2.1\maven-project-2.2.1.jar;C:\Windows\system32\config\systemprofile\.m2\repository\org\apache\maven\maven-profile\2.2.1\maven-profile-2.2.1.jar;C:\Windows\system32\config\systemprofile\.m2\repository\org\apache\maven\maven-artifact-manager\2.2.1\maven-artifact-manager-2.2.1.jar;C:\Windows\system32\config\systemprofile\.m2\repository\backport-util-concurrent\backport-util-concurrent\3.1\backport-util-concurrent-3.1.jar;C:\Windows\system32\config\systemprofile\.m2\repository\org\apache\maven\maven-plugin-registry\2.2.1\maven-plugin-registry-2.2.1.jar;C:\Windows\system32\config\systemprofile\.m2\repository\org\codehaus\plexus\plexus-container-default\1.0-alpha-9-stable-1\plexus-container-default-1.0-alpha-9-stable-1.jar;C:\Windows\system32\config\systemprofile\.m2\repository\classworlds\classworlds\1.1-alpha-2\classworlds-1.1-alpha-2.jar;C:\Windows\system32\config\systemprofile\.m2\repository\org\apache\maven\shared\maven-shared-utils\0.6\maven-shared-utils-0.6.jar;C:\Windows\system32\config\systemprofile\.m2\repository\org\apache\maven\doxia\doxia-sink-api\1.6\doxia-sink-api-1.6.jar;C:\Windows\system32\config\systemprofile\.m2\repository\org\apache\maven\doxia\doxia-logging-api\1.6\doxia-logging-api-1.6.jar;C:\Windows\system32\config\systemprofile\.m2\repository\org\apache\maven\doxia\doxia-core\1.6\doxia-core-1.6.jar;C:\Windows\system32\config\systemprofile\.m2\repository\xerces\xercesImpl\2.9.1\xercesImpl-2.9.1.jar;C:\Windows\system32\config\systemprofile\.m2\repository\commons-lang\commons-lang\2.4\commons-lang-2.4.jar;C:\Windows\system32\config\systemprofile\.m2\repository\xmlunit\xmlunit\1.5\xmlunit-1.5.jar;C:\Windows\system32\config\systemprofile\.m2\repository\org\apache\maven\doxia\doxia-site-renderer\1.6\doxia-site-renderer-1.6.jar;C:\Windows\system32\config\systemprofile\.m2\repository\org\apache\maven\doxia\doxia-decoration-model\1.6\doxia-decoration-model-1.6.jar;C:\Windows\system32\config\systemprofile\.m2\repository\org\apache\maven\doxia\doxia-module-xhtml\1.6\doxia-module-xhtml-1.6.jar;C:\Windows\system32\config\systemprofile\.m2\repository\org\apache\maven\doxia\doxia-module-fml\1.6\doxia-module-fml-1.6.jar;C:\Windows\system32\config\systemprofile\.m2\repository\org\codehaus\plexus\plexus-i18n\1.0-beta-7\plexus-i18n-1.0-beta-7.jar;C:\Windows\system32\config\systemprofile\.m2\repository\org\codehaus\plexus\plexus-velocity\1.1.7\plexus-velocity-1.1.7.jar;C:\Windows\system32\config\systemprofile\.m2\repository\org\apache\velocity\velocity-tools\2.0\velocity-tools-2.0.jar;C:\Windows\system32\config\systemprofile\.m2\repository\commons-chain\commons-chain\1.1\commons-chain-1.1.jar;C:\Windows\system32\config\systemprofile\.m2\repository\dom4j\dom4j\1.1\dom4j-1.1.jar;C:\Windows\system32\config\systemprofile\.m2\repository\sslext\sslext\1.2-0\sslext-1.2-0.jar;C:\Windows\system32\config\systemprofile\.m2\repository\org\apache\struts\struts-core\1.3.8\struts-core-1.3.8.jar;C:\Windows\system32\config\systemprofile\.m2\repository\antlr\antlr\2.7.2\antlr-2.7.2.jar;C:\Windows\system32\config\systemprofile\.m2\repository\org\apache\struts\struts-taglib\1.3.8\struts-taglib-1.3.8.jar;C:\Windows\system32\config\systemprofile\.m2\repository\org\apache\struts\struts-tiles\1.3.8\struts-tiles-1.3.8.jar;C:\Windows\system32\config\systemprofile\.m2\repository\commons-validator\commons-validator\1.4.1\commons-validator-1.4.1.jar;C:\Windows\system32\config\systemprofile\.m2\repository\commons-digester\commons-digester\1.8.1\commons-digester-1.8.1.jar;C:\Windows\system32\config\systemprofile\.m2\repository\commons-beanutils\commons-beanutils\1.9.3\commons-beanutils-1.9.3.jar;C:\Windows\system32\config\systemprofile\.m2\repository\commons-collections\commons-collections\3.2.2\commons-collections-3.2.2.jar;C:\Windows\system32\config\systemprofile\.m2\repository\net\lingala\zip4j\zip4j\1.3.2\zip4j-1.3.2.jar;C:\Windows\system32\config\systemprofile\.m2\repository\org\apache\commons\commons-exec\1.3\commons-exec-1.3.jar;C:\Windows\system32\config\systemprofile\.m2\repository\org\apache\maven\plugin-tools\maven-plugin-annotations\3.2\maven-plugin-annotations-3.2.jar;C:\Windows\system32\config\systemprofile\.m2\repository\org\apache\maven\plugins\maven-jxr-plugin\2.5\maven-jxr-plugin-2.5.jar;C:\Windows\system32\config\systemprofile\.m2\repository\org\apache\velocity\velocity\1.5\velocity-1.5.jar;C:\Windows\system32\config\systemprofile\.m2\repository\oro\oro\2.0.8\oro-2.0.8.jar;C:\Windows\system32\config\systemprofile\.m2\repository\org\apache\maven\maven-jxr\2.5\maven-jxr-2.5.jar;C:\Windows\system32\config\systemprofile\.m2\repository\commons-io\commons-io\2.0.1\commons-io-2.0.1.jar;C:\Windows\system32\config\systemprofile\.m2\repository\org\apache\maven\wagon\wagon-provider-api\1.0\wagon-provider-api-1.0.jar;C:\Windows\system32\config\systemprofile\.m2\repository\xml-apis\xml-apis\1.0.b2\xml-apis-1.0.b2.jar;C:\Windows\system32\config\systemprofile\.m2\repository\xalan\xalan\2.7.0\xalan-2.7.0.jar;C:\Windows\system32\config\systemprofile\.m2\repository\io\qameta\allure\allure-junit4\2.6.0\allure-junit4-2.6.0.jar;C:\Windows\system32\config\systemprofile\.m2\repository\io\qameta\allure\allure-java-commons\2.6.0\allure-java-commons-2.6.0.jar;C:\Windows\system32\config\systemprofile\.m2\repository\io\qameta\allure\allure2-model-api\1.0-BETA6\allure2-model-api-1.0-BETA6.jar;C:\Windows\system32\config\systemprofile\.m2\repository\io\qameta\allure\allure2-model-pojo\1.0-BETA6\allure2-model-pojo-1.0-BETA6.jar;C:\Windows\system32\config\systemprofile\.m2\repository\org\apache\tika\tika-core\1.14\tika-core-1.14.jar;C:\Windows\system32\config\systemprofile\.m2\repository\io\qameta\allure\allure2-model-jackson\1.0-BETA6\allure2-model-jackson-1.0-BETA6.jar;C:\Windows\system32\config\systemprofile\.m2\repository\com\fasterxml\jackson\module\jackson-module-jaxb-annotations\2.7.0\jackson-module-jaxb-annotations-2.7.0.jar;C:\Windows\system32\config\systemprofile\.m2\repository\org\aspectj\aspectjrt\1.8.10\aspectjrt-1.8.10.jar;C:\Windows\system32\config\systemprofile\.m2\repository\org\jooq\joor\0.9.6\joor-0.9.6.jar;"/>
    <property name="java.vm.vendor" value="Eclipse Adoptium"/>
    <property name="sun.arch.data.model" value="64"/>
    <property name="user.variant" value=""/>
    <property name="java.vendor.url" value="https://adoptium.net/"/>
    <property name="user.timezone" value="Europe/Moscow"/>
    <property name="os.name" value="Windows 10"/>
    <property name="java.vm.specification.version" value="17"/>
    <property name="sun.java.launcher" value="SUN_STANDARD"/>
    <property name="user.country" value="RU"/>
    <property name="sun.boot.library.path" value="C:\eclipse\eclipse\plugins\org.eclipse.justj.openjdk.hotspot.jre.full.win32.x86_64_17.0.5.v20221102-0933\jre\bin"/>
    <property name="sun.java.command" value="C:\Windows\Temp\surefire7024727115988868304\surefirebooter-20240130160215475_3.jar C:\Windows\Temp\surefire7024727115988868304 2024-01-30T16-02-15_370-jvmRun1 surefire-20240130160215475_1tmp surefire_0-20240130160215475_2tmp"/>
    <property name="jdk.debug" value="release"/>
    <property name="surefire.test.class.path" value="F:\eclipse-workspace\RESTSuo\target\test-classes;F:\eclipse-workspace\RESTSuo\target\classes;C:\Windows\system32\config\systemprofile\.m2\repository\io\rest-assured\rest-assured\4.4.0\rest-assured-4.4.0.jar;C:\Windows\system32\config\systemprofile\.m2\repository\org\codehaus\groovy\groovy\3.0.8\groovy-3.0.8.jar;C:\Windows\system32\config\systemprofile\.m2\repository\org\codehaus\groovy\groovy-xml\3.0.8\groovy-xml-3.0.8.jar;C:\Windows\system32\config\systemprofile\.m2\repository\org\apache\httpcomponents\httpclient\4.5.13\httpclient-4.5.13.jar;C:\Windows\system32\config\systemprofile\.m2\repository\org\apache\httpcomponents\httpcore\4.4.13\httpcore-4.4.13.jar;C:\Windows\system32\config\systemprofile\.m2\repository\commons-logging\commons-logging\1.2\commons-logging-1.2.jar;C:\Windows\system32\config\systemprofile\.m2\repository\commons-codec\commons-codec\1.11\commons-codec-1.11.jar;C:\Windows\system32\config\systemprofile\.m2\repository\org\apache\httpcomponents\httpmime\4.5.13\httpmime-4.5.13.jar;C:\Windows\system32\config\systemprofile\.m2\repository\org\hamcrest\hamcrest\2.1\hamcrest-2.1.jar;C:\Windows\system32\config\systemprofile\.m2\repository\org\ccil\cowan\tagsoup\tagsoup\1.2.1\tagsoup-1.2.1.jar;C:\Windows\system32\config\systemprofile\.m2\repository\io\rest-assured\json-path\4.4.0\json-path-4.4.0.jar;C:\Windows\system32\config\systemprofile\.m2\repository\org\codehaus\groovy\groovy-json\3.0.8\groovy-json-3.0.8.jar;C:\Windows\system32\config\systemprofile\.m2\repository\io\rest-assured\rest-assured-common\4.4.0\rest-assured-common-4.4.0.jar;C:\Windows\system32\config\systemprofile\.m2\repository\io\rest-assured\xml-path\4.4.0\xml-path-4.4.0.jar;C:\Windows\system32\config\systemprofile\.m2\repository\org\apache\commons\commons-lang3\3.11\commons-lang3-3.11.jar;C:\Windows\system32\config\systemprofile\.m2\repository\jakarta\xml\bind\jakarta.xml.bind-api\2.3.3\jakarta.xml.bind-api-2.3.3.jar;C:\Windows\system32\config\systemprofile\.m2\repository\com\sun\xml\bind\jaxb-impl\2.3.3\jaxb-impl-2.3.3.jar;C:\Windows\system32\config\systemprofile\.m2\repository\org\postgresql\postgresql\42.7.1\postgresql-42.7.1.jar;C:\Windows\system32\config\systemprofile\.m2\repository\org\checkerframework\checker-qual\3.41.0\checker-qual-3.41.0.jar;C:\Windows\system32\config\systemprofile\.m2\repository\junit\junit\4.13.2\junit-4.13.2.jar;C:\Windows\system32\config\systemprofile\.m2\repository\org\hamcrest\hamcrest-core\1.3\hamcrest-core-1.3.jar;C:\Windows\system32\config\systemprofile\.m2\repository\com\googlecode\json-simple\json-simple\1.1.1\json-simple-1.1.1.jar;C:\Windows\system32\config\systemprofile\.m2\repository\com\sun\xml\messaging\saaj\saaj-impl\3.0.3\saaj-impl-3.0.3.jar;C:\Windows\system32\config\systemprofile\.m2\repository\jakarta\xml\soap\jakarta.xml.soap-api\3.0.1\jakarta.xml.soap-api-3.0.1.jar;C:\Windows\system32\config\systemprofile\.m2\repository\org\jvnet\staxex\stax-ex\2.1.0\stax-ex-2.1.0.jar;C:\Windows\system32\config\systemprofile\.m2\repository\jakarta\activation\jakarta.activation-api\2.1.2\jakarta.activation-api-2.1.2.jar;C:\Windows\system32\config\systemprofile\.m2\repository\org\eclipse\angus\angus-activation\2.0.1\angus-activation-2.0.1.jar;C:\Windows\system32\config\systemprofile\.m2\repository\org\seleniumhq\selenium\selenium-java\4.13.0\selenium-java-4.13.0.jar;C:\Windows\system32\config\systemprofile\.m2\repository\org\seleniumhq\selenium\selenium-api\4.13.0\selenium-api-4.13.0.jar;C:\Windows\system32\config\systemprofile\.m2\repository\org\seleniumhq\selenium\selenium-chrome-driver\4.13.0\selenium-chrome-driver-4.13.0.jar;C:\Windows\system32\config\systemprofile\.m2\repository\com\google\auto\service\auto-service-annotations\1.1.1\auto-service-annotations-1.1.1.jar;C:\Windows\system32\config\systemprofile\.m2\repository\com\google\guava\guava\32.1.2-jre\guava-32.1.2-jre.jar;C:\Windows\system32\config\systemprofile\.m2\repository\com\google\guava\failureaccess\1.0.1\failureaccess-1.0.1.jar;C:\Windows\system32\config\systemprofile\.m2\repository\com\google\guava\listenablefuture\9999.0-empty-to-avoid-conflict-with-guava\listenablefuture-9999.0-empty-to-avoid-conflict-with-guava.jar;C:\Windows\system32\config\systemprofile\.m2\repository\com\google\code\findbugs\jsr305\3.0.2\jsr305-3.0.2.jar;C:\Windows\system32\config\systemprofile\.m2\repository\com\google\errorprone\error_prone_annotations\2.18.0\error_prone_annotations-2.18.0.jar;C:\Windows\system32\config\systemprofile\.m2\repository\com\google\j2objc\j2objc-annotations\2.8\j2objc-annotations-2.8.jar;C:\Windows\system32\config\systemprofile\.m2\repository\org\seleniumhq\selenium\selenium-chromium-driver\4.13.0\selenium-chromium-driver-4.13.0.jar;C:\Windows\system32\config\systemprofile\.m2\repository\org\seleniumhq\selenium\selenium-json\4.13.0\selenium-json-4.13.0.jar;C:\Windows\system32\config\systemprofile\.m2\repository\org\seleniumhq\selenium\selenium-manager\4.13.0\selenium-manager-4.13.0.jar;C:\Windows\system32\config\systemprofile\.m2\repository\org\seleniumhq\selenium\selenium-devtools-v115\4.13.0\selenium-devtools-v115-4.13.0.jar;C:\Windows\system32\config\systemprofile\.m2\repository\org\seleniumhq\selenium\selenium-devtools-v116\4.13.0\selenium-devtools-v116-4.13.0.jar;C:\Windows\system32\config\systemprofile\.m2\repository\org\seleniumhq\selenium\selenium-devtools-v117\4.13.0\selenium-devtools-v117-4.13.0.jar;C:\Windows\system32\config\systemprofile\.m2\repository\org\seleniumhq\selenium\selenium-devtools-v85\4.13.0\selenium-devtools-v85-4.13.0.jar;C:\Windows\system32\config\systemprofile\.m2\repository\org\seleniumhq\selenium\selenium-edge-driver\4.13.0\selenium-edge-driver-4.13.0.jar;C:\Windows\system32\config\systemprofile\.m2\repository\org\seleniumhq\selenium\selenium-firefox-driver\4.13.0\selenium-firefox-driver-4.13.0.jar;C:\Windows\system32\config\systemprofile\.m2\repository\org\seleniumhq\selenium\selenium-http\4.13.0\selenium-http-4.13.0.jar;C:\Windows\system32\config\systemprofile\.m2\repository\dev\failsafe\failsafe\3.3.2\failsafe-3.3.2.jar;C:\Windows\system32\config\systemprofile\.m2\repository\org\seleniumhq\selenium\selenium-ie-driver\4.13.0\selenium-ie-driver-4.13.0.jar;C:\Windows\system32\config\systemprofile\.m2\repository\org\seleniumhq\selenium\selenium-remote-driver\4.13.0\selenium-remote-driver-4.13.0.jar;C:\Windows\system32\config\systemprofile\.m2\repository\io\netty\netty-buffer\4.1.96.Final\netty-buffer-4.1.96.Final.jar;C:\Windows\system32\config\systemprofile\.m2\repository\io\netty\netty-codec-http\4.1.96.Final\netty-codec-http-4.1.96.Final.jar;C:\Windows\system32\config\systemprofile\.m2\repository\io\netty\netty-codec\4.1.96.Final\netty-codec-4.1.96.Final.jar;C:\Windows\system32\config\systemprofile\.m2\repository\io\netty\netty-handler\4.1.96.Final\netty-handler-4.1.96.Final.jar;C:\Windows\system32\config\systemprofile\.m2\repository\io\netty\netty-common\4.1.96.Final\netty-common-4.1.96.Final.jar;C:\Windows\system32\config\systemprofile\.m2\repository\io\netty\netty-transport-classes-epoll\4.1.96.Final\netty-transport-classes-epoll-4.1.96.Final.jar;C:\Windows\system32\config\systemprofile\.m2\repository\io\netty\netty-transport-classes-kqueue\4.1.96.Final\netty-transport-classes-kqueue-4.1.96.Final.jar;C:\Windows\system32\config\systemprofile\.m2\repository\io\netty\netty-transport-native-epoll\4.1.96.Final\netty-transport-native-epoll-4.1.96.Final.jar;C:\Windows\system32\config\systemprofile\.m2\repository\io\netty\netty-transport-native-kqueue\4.1.96.Final\netty-transport-native-kqueue-4.1.96.Final.jar;C:\Windows\system32\config\systemprofile\.m2\repository\io\netty\netty-transport-native-unix-common\4.1.96.Final\netty-transport-native-unix-common-4.1.96.Final.jar;C:\Windows\system32\config\systemprofile\.m2\repository\io\netty\netty-transport\4.1.96.Final\netty-transport-4.1.96.Final.jar;C:\Windows\system32\config\systemprofile\.m2\repository\io\netty\netty-resolver\4.1.96.Final\netty-resolver-4.1.96.Final.jar;C:\Windows\system32\config\systemprofile\.m2\repository\io\opentelemetry\opentelemetry-api\1.28.0\opentelemetry-api-1.28.0.jar;C:\Windows\system32\config\systemprofile\.m2\repository\io\opentelemetry\opentelemetry-context\1.28.0\opentelemetry-context-1.28.0.jar;C:\Windows\system32\config\systemprofile\.m2\repository\io\opentelemetry\opentelemetry-exporter-logging\1.28.0\opentelemetry-exporter-logging-1.28.0.jar;C:\Windows\system32\config\systemprofile\.m2\repository\io\opentelemetry\opentelemetry-sdk-metrics\1.28.0\opentelemetry-sdk-metrics-1.28.0.jar;C:\Windows\system32\config\systemprofile\.m2\repository\io\opentelemetry\opentelemetry-extension-incubator\1.28.0-alpha\opentelemetry-extension-incubator-1.28.0-alpha.jar;C:\Windows\system32\config\systemprofile\.m2\repository\io\opentelemetry\opentelemetry-sdk-logs\1.28.0\opentelemetry-sdk-logs-1.28.0.jar;C:\Windows\system32\config\systemprofile\.m2\repository\io\opentelemetry\opentelemetry-sdk-common\1.28.0\opentelemetry-sdk-common-1.28.0.jar;C:\Windows\system32\config\systemprofile\.m2\repository\io\opentelemetry\opentelemetry-sdk-extension-autoconfigure-spi\1.28.0\opentelemetry-sdk-extension-autoconfigure-spi-1.28.0.jar;C:\Windows\system32\config\systemprofile\.m2\repository\io\opentelemetry\opentelemetry-sdk-extension-autoconfigure\1.28.0\opentelemetry-sdk-extension-autoconfigure-1.28.0.jar;C:\Windows\system32\config\systemprofile\.m2\repository\io\opentelemetry\opentelemetry-api-events\1.28.0-alpha\opentelemetry-api-events-1.28.0-alpha.jar;C:\Windows\system32\config\systemprofile\.m2\repository\io\opentelemetry\opentelemetry-sdk-trace\1.28.0\opentelemetry-sdk-trace-1.28.0.jar;C:\Windows\system32\config\systemprofile\.m2\repository\io\opentelemetry\opentelemetry-sdk\1.28.0\opentelemetry-sdk-1.28.0.jar;C:\Windows\system32\config\systemprofile\.m2\repository\io\opentelemetry\opentelemetry-semconv\1.28.0-alpha\opentelemetry-semconv-1.28.0-alpha.jar;C:\Windows\system32\config\systemprofile\.m2\repository\org\asynchttpclient\async-http-client\2.12.3\async-http-client-2.12.3.jar;C:\Windows\system32\config\systemprofile\.m2\repository\org\asynchttpclient\async-http-client-netty-utils\2.12.3\async-http-client-netty-utils-2.12.3.jar;C:\Windows\system32\config\systemprofile\.m2\repository\io\netty\netty-codec-socks\4.1.60.Final\netty-codec-socks-4.1.60.Final.jar;C:\Windows\system32\config\systemprofile\.m2\repository\io\netty\netty-handler-proxy\4.1.60.Final\netty-handler-proxy-4.1.60.Final.jar;C:\Windows\system32\config\systemprofile\.m2\repository\io\netty\netty-transport-native-epoll\4.1.60.Final\netty-transport-native-epoll-4.1.60.Final-linux-x86_64.jar;C:\Windows\system32\config\systemprofile\.m2\repository\io\netty\netty-transport-native-kqueue\4.1.60.Final\netty-transport-native-kqueue-4.1.60.Final-osx-x86_64.jar;C:\Windows\system32\config\systemprofile\.m2\repository\org\reactivestreams\reactive-streams\1.0.3\reactive-streams-1.0.3.jar;C:\Windows\system32\config\systemprofile\.m2\repository\com\typesafe\netty\netty-reactive-streams\2.0.4\netty-reactive-streams-2.0.4.jar;C:\Windows\system32\config\systemprofile\.m2\repository\com\sun\activation\jakarta.activation\1.2.2\jakarta.activation-1.2.2.jar;C:\Windows\system32\config\systemprofile\.m2\repository\org\seleniumhq\selenium\selenium-os\4.13.0\selenium-os-4.13.0.jar;C:\Windows\system32\config\systemprofile\.m2\repository\org\seleniumhq\selenium\selenium-safari-driver\4.13.0\selenium-safari-driver-4.13.0.jar;C:\Windows\system32\config\systemprofile\.m2\repository\org\seleniumhq\selenium\selenium-support\4.13.0\selenium-support-4.13.0.jar;C:\Windows\system32\config\systemprofile\.m2\repository\org\assertj\assertj-core\3.24.2\assertj-core-3.24.2.jar;C:\Windows\system32\config\systemprofile\.m2\repository\net\bytebuddy\byte-buddy\1.12.21\byte-buddy-1.12.21.jar;C:\Windows\system32\config\systemprofile\.m2\repository\io\qameta\allure\allure-maven\2.9\allure-maven-2.9.jar;C:\Windows\system32\config\systemprofile\.m2\repository\org\slf4j\slf4j-api\1.7.25\slf4j-api-1.7.25.jar;C:\Windows\system32\config\systemprofile\.m2\repository\com\fasterxml\jackson\core\jackson-databind\2.8.6\jackson-databind-2.8.6.jar;C:\Windows\system32\config\systemprofile\.m2\repository\com\fasterxml\jackson\core\jackson-annotations\2.8.0\jackson-annotations-2.8.0.jar;C:\Windows\system32\config\systemprofile\.m2\repository\com\fasterxml\jackson\core\jackson-core\2.8.6\jackson-core-2.8.6.jar;C:\Windows\system32\config\systemprofile\.m2\repository\org\apache\maven\maven-core\3.3.9\maven-core-3.3.9.jar;C:\Windows\system32\config\systemprofile\.m2\repository\org\apache\maven\maven-model\3.3.9\maven-model-3.3.9.jar;C:\Windows\system32\config\systemprofile\.m2\repository\org\apache\maven\maven-settings\3.3.9\maven-settings-3.3.9.jar;C:\Windows\system32\config\systemprofile\.m2\repository\org\apache\maven\maven-settings-builder\3.3.9\maven-settings-builder-3.3.9.jar;C:\Windows\system32\config\systemprofile\.m2\repository\org\apache\maven\maven-builder-support\3.3.9\maven-builder-support-3.3.9.jar;C:\Windows\system32\config\systemprofile\.m2\repository\org\apache\maven\maven-repository-metadata\3.3.9\maven-repository-metadata-3.3.9.jar;C:\Windows\system32\config\systemprofile\.m2\repository\org\apache\maven\maven-artifact\3.3.9\maven-artifact-3.3.9.jar;C:\Windows\system32\config\systemprofile\.m2\repository\org\apache\maven\maven-plugin-api\3.3.9\maven-plugin-api-3.3.9.jar;C:\Windows\system32\config\systemprofile\.m2\repository\org\apache\maven\maven-model-builder\3.3.9\maven-model-builder-3.3.9.jar;C:\Windows\system32\config\systemprofile\.m2\repository\org\apache\maven\maven-aether-provider\3.3.9\maven-aether-provider-3.3.9.jar;C:\Windows\system32\config\systemprofile\.m2\repository\org\eclipse\aether\aether-spi\1.0.2.v20150114\aether-spi-1.0.2.v20150114.jar;C:\Windows\system32\config\systemprofile\.m2\repository\org\eclipse\aether\aether-impl\1.0.2.v20150114\aether-impl-1.0.2.v20150114.jar;C:\Windows\system32\config\systemprofile\.m2\repository\org\eclipse\aether\aether-api\1.0.2.v20150114\aether-api-1.0.2.v20150114.jar;C:\Windows\system32\config\systemprofile\.m2\repository\org\eclipse\aether\aether-util\1.0.2.v20150114\aether-util-1.0.2.v20150114.jar;C:\Windows\system32\config\systemprofile\.m2\repository\org\eclipse\sisu\org.eclipse.sisu.plexus\0.3.2\org.eclipse.sisu.plexus-0.3.2.jar;C:\Windows\system32\config\systemprofile\.m2\repository\javax\enterprise\cdi-api\1.0\cdi-api-1.0.jar;C:\Windows\system32\config\systemprofile\.m2\repository\javax\annotation\jsr250-api\1.0\jsr250-api-1.0.jar;C:\Windows\system32\config\systemprofile\.m2\repository\org\eclipse\sisu\org.eclipse.sisu.inject\0.3.2\org.eclipse.sisu.inject-0.3.2.jar;C:\Windows\system32\config\systemprofile\.m2\repository\com\google\inject\guice\4.0\guice-4.0-no_aop.jar;C:\Windows\system32\config\systemprofile\.m2\repository\javax\inject\javax.inject\1\javax.inject-1.jar;C:\Windows\system32\config\systemprofile\.m2\repository\aopalliance\aopalliance\1.0\aopalliance-1.0.jar;C:\Windows\system32\config\systemprofile\.m2\repository\org\codehaus\plexus\plexus-interpolation\1.21\plexus-interpolation-1.21.jar;C:\Windows\system32\config\systemprofile\.m2\repository\org\codehaus\plexus\plexus-utils\3.0.22\plexus-utils-3.0.22.jar;C:\Windows\system32\config\systemprofile\.m2\repository\org\codehaus\plexus\plexus-classworlds\2.5.2\plexus-classworlds-2.5.2.jar;C:\Windows\system32\config\systemprofile\.m2\repository\org\codehaus\plexus\plexus-component-annotations\1.6\plexus-component-annotations-1.6.jar;C:\Windows\system32\config\systemprofile\.m2\repository\org\sonatype\plexus\plexus-sec-dispatcher\1.3\plexus-sec-dispatcher-1.3.jar;C:\Windows\system32\config\systemprofile\.m2\repository\org\sonatype\plexus\plexus-cipher\1.4\plexus-cipher-1.4.jar;C:\Windows\system32\config\systemprofile\.m2\repository\org\apache\maven\reporting\maven-reporting-impl\2.4\maven-reporting-impl-2.4.jar;C:\Windows\system32\config\systemprofile\.m2\repository\org\apache\maven\reporting\maven-reporting-api\3.0\maven-reporting-api-3.0.jar;C:\Windows\system32\config\systemprofile\.m2\repository\org\apache\maven\maven-project\2.2.1\maven-project-2.2.1.jar;C:\Windows\system32\config\systemprofile\.m2\repository\org\apache\maven\maven-profile\2.2.1\maven-profile-2.2.1.jar;C:\Windows\system32\config\systemprofile\.m2\repository\org\apache\maven\maven-artifact-manager\2.2.1\maven-artifact-manager-2.2.1.jar;C:\Windows\system32\config\systemprofile\.m2\repository\backport-util-concurrent\backport-util-concurrent\3.1\backport-util-concurrent-3.1.jar;C:\Windows\system32\config\systemprofile\.m2\repository\org\apache\maven\maven-plugin-registry\2.2.1\maven-plugin-registry-2.2.1.jar;C:\Windows\system32\config\systemprofile\.m2\repository\org\codehaus\plexus\plexus-container-default\1.0-alpha-9-stable-1\plexus-container-default-1.0-alpha-9-stable-1.jar;C:\Windows\system32\config\systemprofile\.m2\repository\classworlds\classworlds\1.1-alpha-2\classworlds-1.1-alpha-2.jar;C:\Windows\system32\config\systemprofile\.m2\repository\org\apache\maven\shared\maven-shared-utils\0.6\maven-shared-utils-0.6.jar;C:\Windows\system32\config\systemprofile\.m2\repository\org\apache\maven\doxia\doxia-sink-api\1.6\doxia-sink-api-1.6.jar;C:\Windows\system32\config\systemprofile\.m2\repository\org\apache\maven\doxia\doxia-logging-api\1.6\doxia-logging-api-1.6.jar;C:\Windows\system32\config\systemprofile\.m2\repository\org\apache\maven\doxia\doxia-core\1.6\doxia-core-1.6.jar;C:\Windows\system32\config\systemprofile\.m2\repository\xerces\xercesImpl\2.9.1\xercesImpl-2.9.1.jar;C:\Windows\system32\config\systemprofile\.m2\repository\commons-lang\commons-lang\2.4\commons-lang-2.4.jar;C:\Windows\system32\config\systemprofile\.m2\repository\xmlunit\xmlunit\1.5\xmlunit-1.5.jar;C:\Windows\system32\config\systemprofile\.m2\repository\org\apache\maven\doxia\doxia-site-renderer\1.6\doxia-site-renderer-1.6.jar;C:\Windows\system32\config\systemprofile\.m2\repository\org\apache\maven\doxia\doxia-decoration-model\1.6\doxia-decoration-model-1.6.jar;C:\Windows\system32\config\systemprofile\.m2\repository\org\apache\maven\doxia\doxia-module-xhtml\1.6\doxia-module-xhtml-1.6.jar;C:\Windows\system32\config\systemprofile\.m2\repository\org\apache\maven\doxia\doxia-module-fml\1.6\doxia-module-fml-1.6.jar;C:\Windows\system32\config\systemprofile\.m2\repository\org\codehaus\plexus\plexus-i18n\1.0-beta-7\plexus-i18n-1.0-beta-7.jar;C:\Windows\system32\config\systemprofile\.m2\repository\org\codehaus\plexus\plexus-velocity\1.1.7\plexus-velocity-1.1.7.jar;C:\Windows\system32\config\systemprofile\.m2\repository\org\apache\velocity\velocity-tools\2.0\velocity-tools-2.0.jar;C:\Windows\system32\config\systemprofile\.m2\repository\commons-chain\commons-chain\1.1\commons-chain-1.1.jar;C:\Windows\system32\config\systemprofile\.m2\repository\dom4j\dom4j\1.1\dom4j-1.1.jar;C:\Windows\system32\config\systemprofile\.m2\repository\sslext\sslext\1.2-0\sslext-1.2-0.jar;C:\Windows\system32\config\systemprofile\.m2\repository\org\apache\struts\struts-core\1.3.8\struts-core-1.3.8.jar;C:\Windows\system32\config\systemprofile\.m2\repository\antlr\antlr\2.7.2\antlr-2.7.2.jar;C:\Windows\system32\config\systemprofile\.m2\repository\org\apache\struts\struts-taglib\1.3.8\struts-taglib-1.3.8.jar;C:\Windows\system32\config\systemprofile\.m2\repository\org\apache\struts\struts-tiles\1.3.8\struts-tiles-1.3.8.jar;C:\Windows\system32\config\systemprofile\.m2\repository\commons-validator\commons-validator\1.4.1\commons-validator-1.4.1.jar;C:\Windows\system32\config\systemprofile\.m2\repository\commons-digester\commons-digester\1.8.1\commons-digester-1.8.1.jar;C:\Windows\system32\config\systemprofile\.m2\repository\commons-beanutils\commons-beanutils\1.9.3\commons-beanutils-1.9.3.jar;C:\Windows\system32\config\systemprofile\.m2\repository\commons-collections\commons-collections\3.2.2\commons-collections-3.2.2.jar;C:\Windows\system32\config\systemprofile\.m2\repository\net\lingala\zip4j\zip4j\1.3.2\zip4j-1.3.2.jar;C:\Windows\system32\config\systemprofile\.m2\repository\org\apache\commons\commons-exec\1.3\commons-exec-1.3.jar;C:\Windows\system32\config\systemprofile\.m2\repository\org\apache\maven\plugin-tools\maven-plugin-annotations\3.2\maven-plugin-annotations-3.2.jar;C:\Windows\system32\config\systemprofile\.m2\repository\org\apache\maven\plugins\maven-jxr-plugin\2.5\maven-jxr-plugin-2.5.jar;C:\Windows\system32\config\systemprofile\.m2\repository\org\apache\velocity\velocity\1.5\velocity-1.5.jar;C:\Windows\system32\config\systemprofile\.m2\repository\oro\oro\2.0.8\oro-2.0.8.jar;C:\Windows\system32\config\systemprofile\.m2\repository\org\apache\maven\maven-jxr\2.5\maven-jxr-2.5.jar;C:\Windows\system32\config\systemprofile\.m2\repository\commons-io\commons-io\2.0.1\commons-io-2.0.1.jar;C:\Windows\system32\config\systemprofile\.m2\repository\org\apache\maven\wagon\wagon-provider-api\1.0\wagon-provider-api-1.0.jar;C:\Windows\system32\config\systemprofile\.m2\repository\xml-apis\xml-apis\1.0.b2\xml-apis-1.0.b2.jar;C:\Windows\system32\config\systemprofile\.m2\repository\xalan\xalan\2.7.0\xalan-2.7.0.jar;C:\Windows\system32\config\systemprofile\.m2\repository\io\qameta\allure\allure-junit4\2.6.0\allure-junit4-2.6.0.jar;C:\Windows\system32\config\systemprofile\.m2\repository\io\qameta\allure\allure-java-commons\2.6.0\allure-java-commons-2.6.0.jar;C:\Windows\system32\config\systemprofile\.m2\repository\io\qameta\allure\allure2-model-api\1.0-BETA6\allure2-model-api-1.0-BETA6.jar;C:\Windows\system32\config\systemprofile\.m2\repository\io\qameta\allure\allure2-model-pojo\1.0-BETA6\allure2-model-pojo-1.0-BETA6.jar;C:\Windows\system32\config\systemprofile\.m2\repository\org\apache\tika\tika-core\1.14\tika-core-1.14.jar;C:\Windows\system32\config\systemprofile\.m2\repository\io\qameta\allure\allure2-model-jackson\1.0-BETA6\allure2-model-jackson-1.0-BETA6.jar;C:\Windows\system32\config\systemprofile\.m2\repository\com\fasterxml\jackson\module\jackson-module-jaxb-annotations\2.7.0\jackson-module-jaxb-annotations-2.7.0.jar;C:\Windows\system32\config\systemprofile\.m2\repository\org\aspectj\aspectjrt\1.8.10\aspectjrt-1.8.10.jar;C:\Windows\system32\config\systemprofile\.m2\repository\org\jooq\joor\0.9.6\joor-0.9.6.jar;"/>
    <property name="allure.results.directory" value="F:\eclipse-workspace\RESTSuo\target/allure-results"/>
    <property name="sun.cpu.endian" value="little"/>
    <property name="user.home" value="C:\Windows\system32\config\systemprofile"/>
    <property name="user.language" value="ru"/>
    <property name="java.specification.vendor" value="Oracle Corporation"/>
    <property name="java.version.date" value="2022-10-18"/>
    <property name="java.home" value="C:\eclipse\eclipse\plugins\org.eclipse.justj.openjdk.hotspot.jre.full.win32.x86_64_17.0.5.v20221102-0933\jre"/>
    <property name="file.separator" value="\"/>
    <property name="basedir" value="F:\eclipse-workspace\RESTSuo"/>
    <property name="java.vm.compressedOopsMode" value="Zero based"/>
    <property name="line.separator" value="&#10;"/>
    <property name="java.vm.specification.vendor" value="Oracle Corporation"/>
    <property name="java.specification.name" value="Java Platform API Specification"/>
    <property name="surefire.real.class.path" value="C:\Windows\Temp\surefire7024727115988868304\surefirebooter-20240130160215475_3.jar"/>
    <property name="user.script" value=""/>
    <property name="sun.management.compiler" value="HotSpot 64-Bit Tiered Compilers"/>
    <property name="java.runtime.version" value="17.0.5+8"/>
    <property name="user.name" value="USR-IS2022-0056$"/>
    <property name="path.separator" value=";"/>
    <property name="otel.metrics.exporter" value="none"/>
    <property name="os.version" value="10.0"/>
    <property name="java.runtime.name" value="OpenJDK Runtime Environment"/>
    <property name="otel.traces.exporter" value="none"/>
    <property name="file.encoding" value="Cp1251"/>
    <property name="java.vm.name" value="OpenJDK 64-Bit Server VM"/>
    <property name="java.vendor.version" value="Temurin-17.0.5+8"/>
    <property name="localRepository" value="C:\Windows\system32\config\systemprofile\.m2\repository"/>
    <property name="java.vendor.url.bug" value="https://github.com/adoptium/adoptium-support/issues"/>
    <property name="otel.logs.exporter" value="none"/>
    <property name="java.io.tmpdir" value="C:\Windows\TEMP\"/>
    <property name="java.version" value="17.0.5"/>
    <property name="user.dir" value="F:\eclipse-workspace\RESTSuo"/>
    <property name="os.arch" value="amd64"/>
    <property name="java.vm.specification.name" value="Java Virtual Machine Specification"/>
    <property name="sun.os.patch.level" value=""/>
    <property name="native.encoding" value="Cp1251"/>
    <property name="java.library.path" value="C:\eclipse\eclipse\plugins\org.eclipse.justj.openjdk.hotspot.jre.full.win32.x86_64_17.0.5.v20221102-0933\jre\bin;C:\Windows\Sun\Java\bin;C:\Windows\system32;C:\Windows;C:\ProgramData\Jenkins\.jenkins\tools\hudson.tasks.Maven_MavenInstallation\maven_3.9.6/bin;C:\Windows\system32;C:\Windows;C:\Windows\System32\Wbem;C:\Windows\System32\WindowsPowerShell\v1.0\;C:\Windows\System32\OpenSSH\;C:\Program Files\dotnet\;C:\Program Files\Docker\Docker\resources\bin;C:\Program Files\nodejs\;C:\eclipse\eclipse\plugins\org.eclipse.justj.openjdk.hotspot.jre.full.win32.x86_64_17.0.5.v20221102-0933\jre\bin;C:\eclipse\eclipse\apache-maven-3.9.0\bin;C:\Program Files\Git\cmd;C:\Program Files\TortoiseGit\bin;C:\Program Files\PuTTY\;C:\Windows\system32\config\systemprofile\AppData\Local\Microsoft\WindowsApps;."/>
    <property name="java.vm.info" value="mixed mode"/>
    <property name="java.vendor" value="Eclipse Adoptium"/>
    <property name="java.vm.version" value="17.0.5+8"/>
    <property name="sun.io.unicode.encoding" value="UnicodeLittle"/>
    <property name="java.class.version" value="61.0"/>
  </properties>
  <testcase name="checkNoDES_LOC" classname="tests.TestControlValidDataTransportOrder" time="5.696">
    <system-out><![CDATA[auto-6cafa4d7c53e
Request SOAP Message:
<SOAP-ENV:Envelope xmlns:SOAP-ENV="http://schemas.xmlsoap.org/soap/envelope/" xmlns:ns="http://schemas.datacontract.org/2004/07/" xmlns:tem="http://tempuri.org/"><SOAP-ENV:Header/><SOAP-ENV:Body><tem:Load><tem:packages><ns:DT_TrOrder_OutDeliv><ns:Document><ns:DT_TrOrder_OutDelivDocument><ns:COMMENT_TXT>123</ns:COMMENT_TXT><ns:COST>500</ns:COST><ns:DATE_ARR>123</ns:DATE_ARR><ns:DATE_LICENSE>123</ns:DATE_LICENSE><ns:DATE_SEND>20240130</ns:DATE_SEND><ns:DATE_SEND_BY>20240130</ns:DATE_SEND_BY><ns:DATE_SEND_FR>20231110</ns:DATE_SEND_FR><ns:DATE_WU>123</ns:DATE_WU><ns:DRIVER>123</ns:DRIVER><ns:DRIVER_LICENSE>123</ns:DRIVER_LICENSE><ns:DRIVER_PHONE>123</ns:DRIVER_PHONE><ns:Delivery><ns:DT_TrOrder_OutDelivDocumentDelivery><ns:ADDRESS_DESCR>РіРѕСЂРѕРґ РњРѕСЃРєРІР°, СѓР»РёС†Р° Р§РµСЂРµРјСѓС€РєРёРЅСЃРєР°СЏ РЅР°Р±РµСЂРµР¶РЅР°СЏ, РґРѕРј 18</ns:ADDRESS_DESCR><ns:BLDAT>123</ns:BLDAT><ns:DES_LOC/><ns:DES_LOC_TEXT>РўРµСЃС‚РѕРІС‹Р№ РџРћ РњРѕСЃРєРІР° </ns:DES_LOC_TEXT><ns:DeliveryItem><ns:DT_TrOrder_OutDelivDocumentDeliveryDeliveryItem><ns:ARKTX>РњР°СЃР»Рѕ РјРѕС‚ Р› РђРІР°РЅРі РЈР»СЊС‚СЂР° PLUS SAE 10W-40 </ns:ARKTX><ns:BISMT>123456</ns:BISMT><ns:BRGEW>217.880</ns:BRGEW><ns:CHARG>123</ns:CHARG><ns:DENSITY>123</ns:DENSITY><ns:GEWEI>KG</ns:GEWEI><ns:LFIMG>123</ns:LFIMG><ns:LGMNG>217.650</ns:LGMNG><ns:LGORT>0001</ns:LGORT><ns:MATKL>3127</ns:MATKL><ns:MATNR>00000000000000022</ns:MATNR><ns:MEINS>KG</ns:MEINS><ns:NTGEW>0.080</ns:NTGEW><ns:POSNR>000020</ns:POSNR><ns:TEMPB>123</ns:TEMPB><ns:VISCOSITY>123</ns:VISCOSITY><ns:VRKME>KG</ns:VRKME><ns:WERKS>2420</ns:WERKS><ns:ZBP_TEXT>123</ns:ZBP_TEXT><ns:ZMT_TEXT>123</ns:ZMT_TEXT></ns:DT_TrOrder_OutDelivDocumentDeliveryDeliveryItem></ns:DeliveryItem><ns:INCO1>CPT</ns:INCO1><ns:INCO2>(РўРќРџ) Рђ/Рџ Р”РћРњРћР”Р•Р”РћР’Рћ</ns:INCO2><ns:KUNAG>147838</ns:KUNAG><ns:KUNAG_NAME>РћРћРћ Р Р�Рљ РїРѕРєСѓРїР°С‚РµР»СЏ</ns:KUNAG_NAME><ns:KUNNR/><ns:KUNNR_NAME>РћРћРћ Р Р�Рљ Р“СЂСѓР·РѕРїРѕР»СѓС‡Р°С‚РµР»СЊ</ns:KUNNR_NAME><ns:LADGR>123</ns:LADGR><ns:LADGR_TEXT>123</ns:LADGR_TEXT><ns:LFART>ZMLI</ns:LFART><ns:SRC_LOC>SP_2420</ns:SRC_LOC><ns:SRC_LOC_TXT>РџРћ 2420 Р›Р›Рљ РўРџРџ Р’РѕР»РіРѕРіСЂР°Рґ</ns:SRC_LOC_TXT><ns:STAGE_ROUTE>00001</ns:STAGE_ROUTE><ns:TRATY_STAGE>9018</ns:TRATY_STAGE><ns:VBELN>7000239609</ns:VBELN><ns:VBTYP>J</ns:VBTYP><ns:VKORG>2400</ns:VKORG><ns:VSTEL>2420</ns:VSTEL><ns:XABLN>123</ns:XABLN><ns:XPOS>55,720722</ns:XPOS><ns:YPOS>37.774463</ns:YPOS></ns:DT_TrOrder_OutDelivDocumentDelivery></ns:Delivery><ns:LICENSE>123</ns:LICENSE><ns:NET_DURATION>180</ns:NET_DURATION><ns:SEND_TO_SYSTEM>123</ns:SEND_TO_SYSTEM><ns:SIGN_DEL/><ns:STATUS>01</ns:STATUS><ns:STATUS_RECORD>123</ns:STATUS_RECORD><ns:TDLNR>147838</ns:TDLNR><ns:TDLNR_NAME>Р›Рљ РўСѓРґР°-РЎСЋРґР°</ns:TDLNR_NAME><ns:TIME_ARR>123</ns:TIME_ARR><ns:TIME_SEND>000000</ns:TIME_SEND><ns:TIME_SEND_BY>000000</ns:TIME_SEND_BY><ns:TIME_SEND_FR>000000</ns:TIME_SEND_FR><ns:TOR_ID>auto-6cafa4d7c53e</ns:TOR_ID><ns:TRATY>123</ns:TRATY><ns:TRATY_TXT>123</ns:TRATY_TXT><ns:VEHICLE_CONTAINER>123</ns:VEHICLE_CONTAINER><ns:VEHICLE_NUMBER>123</ns:VEHICLE_NUMBER><ns:VSBED>123</ns:VSBED><ns:VSBED_TXT>123</ns:VSBED_TXT><ns:VSTEL_TOR>2420</ns:VSTEL_TOR><ns:VSTEL_TOR_TEXT>РђРґСЂРµСЃ РїСѓРЅРєС‚Р° РѕС‚РіСЂСѓР·РєРё РњРѕСЃРєРІР°</ns:VSTEL_TOR_TEXT></ns:DT_TrOrder_OutDelivDocument></ns:Document><ns:GuidMsgOutb>165A59AB7CA7RFDABBB6cafa4d7c53e</ns:GuidMsgOutb><ns:SystemReceiver>123</ns:SystemReceiver><ns:SystemSender>123</ns:SystemSender></ns:DT_TrOrder_OutDeliv></tem:packages></tem:Load></SOAP-ENV:Body></SOAP-ENV:Envelope>

]]></system-out>
  </testcase>
  <testcase name="checkNoTOR_ID" classname="tests.TestControlValidDataTransportOrder" time="3.592">
    <system-out><![CDATA[
Request SOAP Message:
<SOAP-ENV:Envelope xmlns:SOAP-ENV="http://schemas.xmlsoap.org/soap/envelope/" xmlns:ns="http://schemas.datacontract.org/2004/07/" xmlns:tem="http://tempuri.org/"><SOAP-ENV:Header/><SOAP-ENV:Body><tem:Load><tem:packages><ns:DT_TrOrder_OutDeliv><ns:Document><ns:DT_TrOrder_OutDelivDocument><ns:COMMENT_TXT>123</ns:COMMENT_TXT><ns:COST>500</ns:COST><ns:DATE_ARR>123</ns:DATE_ARR><ns:DATE_LICENSE>123</ns:DATE_LICENSE><ns:DATE_SEND>20240130</ns:DATE_SEND><ns:DATE_SEND_BY>20240130</ns:DATE_SEND_BY><ns:DATE_SEND_FR>20231110</ns:DATE_SEND_FR><ns:DATE_WU>123</ns:DATE_WU><ns:DRIVER>123</ns:DRIVER><ns:DRIVER_LICENSE>123</ns:DRIVER_LICENSE><ns:DRIVER_PHONE>123</ns:DRIVER_PHONE><ns:Delivery><ns:DT_TrOrder_OutDelivDocumentDelivery><ns:ADDRESS_DESCR>РіРѕСЂРѕРґ РњРѕСЃРєРІР°, СѓР»РёС†Р° Р§РµСЂРµРјСѓС€РєРёРЅСЃРєР°СЏ РЅР°Р±РµСЂРµР¶РЅР°СЏ, РґРѕРј 18</ns:ADDRESS_DESCR><ns:BLDAT>123</ns:BLDAT><ns:DES_LOC>123</ns:DES_LOC><ns:DES_LOC_TEXT>РўРµСЃС‚РѕРІС‹Р№ РџРћ РњРѕСЃРєРІР° </ns:DES_LOC_TEXT><ns:DeliveryItem><ns:DT_TrOrder_OutDelivDocumentDeliveryDeliveryItem><ns:ARKTX>РњР°СЃР»Рѕ РјРѕС‚ Р› РђРІР°РЅРі РЈР»СЊС‚СЂР° PLUS SAE 10W-40 </ns:ARKTX><ns:BISMT>123456</ns:BISMT><ns:BRGEW>217.880</ns:BRGEW><ns:CHARG>123</ns:CHARG><ns:DENSITY>123</ns:DENSITY><ns:GEWEI>KG</ns:GEWEI><ns:LFIMG>123</ns:LFIMG><ns:LGMNG>217.650</ns:LGMNG><ns:LGORT>0001</ns:LGORT><ns:MATKL>3127</ns:MATKL><ns:MATNR>00000000000000022</ns:MATNR><ns:MEINS>KG</ns:MEINS><ns:NTGEW>0.080</ns:NTGEW><ns:POSNR>000020</ns:POSNR><ns:TEMPB>123</ns:TEMPB><ns:VISCOSITY>123</ns:VISCOSITY><ns:VRKME>KG</ns:VRKME><ns:WERKS>2420</ns:WERKS><ns:ZBP_TEXT>123</ns:ZBP_TEXT><ns:ZMT_TEXT>123</ns:ZMT_TEXT></ns:DT_TrOrder_OutDelivDocumentDeliveryDeliveryItem></ns:DeliveryItem><ns:INCO1>CPT</ns:INCO1><ns:INCO2>(РўРќРџ) Рђ/Рџ Р”РћРњРћР”Р•Р”РћР’Рћ</ns:INCO2><ns:KUNAG>147838</ns:KUNAG><ns:KUNAG_NAME>РћРћРћ Р Р�Рљ РїРѕРєСѓРїР°С‚РµР»СЏ</ns:KUNAG_NAME><ns:KUNNR/><ns:KUNNR_NAME>РћРћРћ Р Р�Рљ Р“СЂСѓР·РѕРїРѕР»СѓС‡Р°С‚РµР»СЊ</ns:KUNNR_NAME><ns:LADGR>123</ns:LADGR><ns:LADGR_TEXT>123</ns:LADGR_TEXT><ns:LFART>ZMLI</ns:LFART><ns:SRC_LOC>SP_2420</ns:SRC_LOC><ns:SRC_LOC_TXT>РџРћ 2420 Р›Р›Рљ РўРџРџ Р’РѕР»РіРѕРіСЂР°Рґ</ns:SRC_LOC_TXT><ns:STAGE_ROUTE>00001</ns:STAGE_ROUTE><ns:TRATY_STAGE>9018</ns:TRATY_STAGE><ns:VBELN>7000239609</ns:VBELN><ns:VBTYP>J</ns:VBTYP><ns:VKORG>2400</ns:VKORG><ns:VSTEL>2420</ns:VSTEL><ns:XABLN>123</ns:XABLN><ns:XPOS>55,720722</ns:XPOS><ns:YPOS>37.774463</ns:YPOS></ns:DT_TrOrder_OutDelivDocumentDelivery></ns:Delivery><ns:LICENSE>123</ns:LICENSE><ns:NET_DURATION>180</ns:NET_DURATION><ns:SEND_TO_SYSTEM>123</ns:SEND_TO_SYSTEM><ns:SIGN_DEL/><ns:STATUS>01</ns:STATUS><ns:STATUS_RECORD>123</ns:STATUS_RECORD><ns:TDLNR>147838</ns:TDLNR><ns:TDLNR_NAME>Р›Рљ РўСѓРґР°-РЎСЋРґР°</ns:TDLNR_NAME><ns:TIME_ARR>123</ns:TIME_ARR><ns:TIME_SEND>000000</ns:TIME_SEND><ns:TIME_SEND_BY>000000</ns:TIME_SEND_BY><ns:TIME_SEND_FR>000000</ns:TIME_SEND_FR><ns:TOR_ID/><ns:TRATY>123</ns:TRATY><ns:TRATY_TXT>123</ns:TRATY_TXT><ns:VEHICLE_CONTAINER>123</ns:VEHICLE_CONTAINER><ns:VEHICLE_NUMBER>123</ns:VEHICLE_NUMBER><ns:VSBED>123</ns:VSBED><ns:VSBED_TXT>123</ns:VSBED_TXT><ns:VSTEL_TOR>2420</ns:VSTEL_TOR><ns:VSTEL_TOR_TEXT>РђРґСЂРµСЃ РїСѓРЅРєС‚Р° РѕС‚РіСЂСѓР·РєРё РњРѕСЃРєРІР°</ns:VSTEL_TOR_TEXT></ns:DT_TrOrder_OutDelivDocument></ns:Document><ns:GuidMsgOutb>165A59AB7CA7RFDABBBaef71e53cc98</ns:GuidMsgOutb><ns:SystemReceiver>123</ns:SystemReceiver><ns:SystemSender>123</ns:SystemSender></ns:DT_TrOrder_OutDeliv></tem:packages></tem:Load></SOAP-ENV:Body></SOAP-ENV:Envelope>

]]></system-out>
  </testcase>
  <testcase name="checkNoSTAGE_ROUTE" classname="tests.TestControlValidDataTransportOrder" time="5.576">
    <system-out><![CDATA[auto-6288f5191952
Request SOAP Message:
<SOAP-ENV:Envelope xmlns:SOAP-ENV="http://schemas.xmlsoap.org/soap/envelope/" xmlns:ns="http://schemas.datacontract.org/2004/07/" xmlns:tem="http://tempuri.org/"><SOAP-ENV:Header/><SOAP-ENV:Body><tem:Load><tem:packages><ns:DT_TrOrder_OutDeliv><ns:Document><ns:DT_TrOrder_OutDelivDocument><ns:COMMENT_TXT>123</ns:COMMENT_TXT><ns:COST>500</ns:COST><ns:DATE_ARR>123</ns:DATE_ARR><ns:DATE_LICENSE>123</ns:DATE_LICENSE><ns:DATE_SEND>20240130</ns:DATE_SEND><ns:DATE_SEND_BY>20240130</ns:DATE_SEND_BY><ns:DATE_SEND_FR>20231110</ns:DATE_SEND_FR><ns:DATE_WU>123</ns:DATE_WU><ns:DRIVER>123</ns:DRIVER><ns:DRIVER_LICENSE>123</ns:DRIVER_LICENSE><ns:DRIVER_PHONE>123</ns:DRIVER_PHONE><ns:Delivery><ns:DT_TrOrder_OutDelivDocumentDelivery><ns:ADDRESS_DESCR>РіРѕСЂРѕРґ РњРѕСЃРєРІР°, СѓР»РёС†Р° Р§РµСЂРµРјСѓС€РєРёРЅСЃРєР°СЏ РЅР°Р±РµСЂРµР¶РЅР°СЏ, РґРѕРј 18</ns:ADDRESS_DESCR><ns:BLDAT>123</ns:BLDAT><ns:DES_LOC>123</ns:DES_LOC><ns:DES_LOC_TEXT>РўРµСЃС‚РѕРІС‹Р№ РџРћ РњРѕСЃРєРІР° </ns:DES_LOC_TEXT><ns:DeliveryItem><ns:DT_TrOrder_OutDelivDocumentDeliveryDeliveryItem><ns:ARKTX>РњР°СЃР»Рѕ РјРѕС‚ Р› РђРІР°РЅРі РЈР»СЊС‚СЂР° PLUS SAE 10W-40 </ns:ARKTX><ns:BISMT>123456</ns:BISMT><ns:BRGEW>217.880</ns:BRGEW><ns:CHARG>123</ns:CHARG><ns:DENSITY>123</ns:DENSITY><ns:GEWEI>KG</ns:GEWEI><ns:LFIMG>123</ns:LFIMG><ns:LGMNG>217.650</ns:LGMNG><ns:LGORT>0001</ns:LGORT><ns:MATKL>3127</ns:MATKL><ns:MATNR>00000000000000022</ns:MATNR><ns:MEINS>KG</ns:MEINS><ns:NTGEW>0.080</ns:NTGEW><ns:POSNR>000020</ns:POSNR><ns:TEMPB>123</ns:TEMPB><ns:VISCOSITY>123</ns:VISCOSITY><ns:VRKME>KG</ns:VRKME><ns:WERKS>2420</ns:WERKS><ns:ZBP_TEXT>123</ns:ZBP_TEXT><ns:ZMT_TEXT>123</ns:ZMT_TEXT></ns:DT_TrOrder_OutDelivDocumentDeliveryDeliveryItem></ns:DeliveryItem><ns:INCO1>CPT</ns:INCO1><ns:INCO2>(РўРќРџ) Рђ/Рџ Р”РћРњРћР”Р•Р”РћР’Рћ</ns:INCO2><ns:KUNAG>147838</ns:KUNAG><ns:KUNAG_NAME>РћРћРћ Р Р�Рљ РїРѕРєСѓРїР°С‚РµР»СЏ</ns:KUNAG_NAME><ns:KUNNR/><ns:KUNNR_NAME>РћРћРћ Р Р�Рљ Р“СЂСѓР·РѕРїРѕР»СѓС‡Р°С‚РµР»СЊ</ns:KUNNR_NAME><ns:LADGR>123</ns:LADGR><ns:LADGR_TEXT>123</ns:LADGR_TEXT><ns:LFART>ZMLI</ns:LFART><ns:SRC_LOC>SP_2420</ns:SRC_LOC><ns:SRC_LOC_TXT>РџРћ 2420 Р›Р›Рљ РўРџРџ Р’РѕР»РіРѕРіСЂР°Рґ</ns:SRC_LOC_TXT><ns:STAGE_ROUTE/><ns:TRATY_STAGE>9018</ns:TRATY_STAGE><ns:VBELN>7000239609</ns:VBELN><ns:VBTYP>J</ns:VBTYP><ns:VKORG>2400</ns:VKORG><ns:VSTEL>2420</ns:VSTEL><ns:XABLN>123</ns:XABLN><ns:XPOS>55,720722</ns:XPOS><ns:YPOS>37.774463</ns:YPOS></ns:DT_TrOrder_OutDelivDocumentDelivery></ns:Delivery><ns:LICENSE>123</ns:LICENSE><ns:NET_DURATION>180</ns:NET_DURATION><ns:SEND_TO_SYSTEM>123</ns:SEND_TO_SYSTEM><ns:SIGN_DEL/><ns:STATUS>01</ns:STATUS><ns:STATUS_RECORD>123</ns:STATUS_RECORD><ns:TDLNR>147838</ns:TDLNR><ns:TDLNR_NAME>Р›Рљ РўСѓРґР°-РЎСЋРґР°</ns:TDLNR_NAME><ns:TIME_ARR>123</ns:TIME_ARR><ns:TIME_SEND>000000</ns:TIME_SEND><ns:TIME_SEND_BY>000000</ns:TIME_SEND_BY><ns:TIME_SEND_FR>000000</ns:TIME_SEND_FR><ns:TOR_ID>auto-6288f5191952</ns:TOR_ID><ns:TRATY>123</ns:TRATY><ns:TRATY_TXT>123</ns:TRATY_TXT><ns:VEHICLE_CONTAINER>123</ns:VEHICLE_CONTAINER><ns:VEHICLE_NUMBER>123</ns:VEHICLE_NUMBER><ns:VSBED>123</ns:VSBED><ns:VSBED_TXT>123</ns:VSBED_TXT><ns:VSTEL_TOR>2420</ns:VSTEL_TOR><ns:VSTEL_TOR_TEXT>РђРґСЂРµСЃ РїСѓРЅРєС‚Р° РѕС‚РіСЂСѓР·РєРё РњРѕСЃРєРІР°</ns:VSTEL_TOR_TEXT></ns:DT_TrOrder_OutDelivDocument></ns:Document><ns:GuidMsgOutb>165A59AB7CA7RFDABBB6288f5191952</ns:GuidMsgOutb><ns:SystemReceiver>123</ns:SystemReceiver><ns:SystemSender>123</ns:SystemSender></ns:DT_TrOrder_OutDeliv></tem:packages></tem:Load></SOAP-ENV:Body></SOAP-ENV:Envelope>

]]></system-out>
  </testcase>
  <testcase name="checkNormalTO" classname="tests.TestControlValidDataTransportOrder" time="5.55">
    <system-out><![CDATA[auto-38b72c3d8e19
Request SOAP Message:
<SOAP-ENV:Envelope xmlns:SOAP-ENV="http://schemas.xmlsoap.org/soap/envelope/" xmlns:ns="http://schemas.datacontract.org/2004/07/" xmlns:tem="http://tempuri.org/"><SOAP-ENV:Header/><SOAP-ENV:Body><tem:Load><tem:packages><ns:DT_TrOrder_OutDeliv><ns:Document><ns:DT_TrOrder_OutDelivDocument><ns:COMMENT_TXT>123</ns:COMMENT_TXT><ns:COST>500</ns:COST><ns:DATE_ARR>123</ns:DATE_ARR><ns:DATE_LICENSE>123</ns:DATE_LICENSE><ns:DATE_SEND>20240130</ns:DATE_SEND><ns:DATE_SEND_BY>20240130</ns:DATE_SEND_BY><ns:DATE_SEND_FR>20231110</ns:DATE_SEND_FR><ns:DATE_WU>123</ns:DATE_WU><ns:DRIVER>123</ns:DRIVER><ns:DRIVER_LICENSE>123</ns:DRIVER_LICENSE><ns:DRIVER_PHONE>123</ns:DRIVER_PHONE><ns:Delivery><ns:DT_TrOrder_OutDelivDocumentDelivery><ns:ADDRESS_DESCR>РіРѕСЂРѕРґ РњРѕСЃРєРІР°, СѓР»РёС†Р° Р§РµСЂРµРјСѓС€РєРёРЅСЃРєР°СЏ РЅР°Р±РµСЂРµР¶РЅР°СЏ, РґРѕРј 18</ns:ADDRESS_DESCR><ns:BLDAT>123</ns:BLDAT><ns:DES_LOC>123</ns:DES_LOC><ns:DES_LOC_TEXT>РўРµСЃС‚РѕРІС‹Р№ РџРћ РњРѕСЃРєРІР° </ns:DES_LOC_TEXT><ns:DeliveryItem><ns:DT_TrOrder_OutDelivDocumentDeliveryDeliveryItem><ns:ARKTX>РњР°СЃР»Рѕ РјРѕС‚ Р› РђРІР°РЅРі РЈР»СЊС‚СЂР° PLUS SAE 10W-40 </ns:ARKTX><ns:BISMT>123456</ns:BISMT><ns:BRGEW>217.880</ns:BRGEW><ns:CHARG>123</ns:CHARG><ns:DENSITY>123</ns:DENSITY><ns:GEWEI>KG</ns:GEWEI><ns:LFIMG>123</ns:LFIMG><ns:LGMNG>217.650</ns:LGMNG><ns:LGORT>0001</ns:LGORT><ns:MATKL>3127</ns:MATKL><ns:MATNR>00000000000000022</ns:MATNR><ns:MEINS>KG</ns:MEINS><ns:NTGEW>0.080</ns:NTGEW><ns:POSNR>000020</ns:POSNR><ns:TEMPB>123</ns:TEMPB><ns:VISCOSITY>123</ns:VISCOSITY><ns:VRKME>KG</ns:VRKME><ns:WERKS>2420</ns:WERKS><ns:ZBP_TEXT>123</ns:ZBP_TEXT><ns:ZMT_TEXT>123</ns:ZMT_TEXT></ns:DT_TrOrder_OutDelivDocumentDeliveryDeliveryItem></ns:DeliveryItem><ns:INCO1>CPT</ns:INCO1><ns:INCO2>(РўРќРџ) Рђ/Рџ Р”РћРњРћР”Р•Р”РћР’Рћ</ns:INCO2><ns:KUNAG>147838</ns:KUNAG><ns:KUNAG_NAME>РћРћРћ Р Р�Рљ РїРѕРєСѓРїР°С‚РµР»СЏ</ns:KUNAG_NAME><ns:KUNNR/><ns:KUNNR_NAME>РћРћРћ Р Р�Рљ Р“СЂСѓР·РѕРїРѕР»СѓС‡Р°С‚РµР»СЊ</ns:KUNNR_NAME><ns:LADGR>123</ns:LADGR><ns:LADGR_TEXT>123</ns:LADGR_TEXT><ns:LFART>ZMLI</ns:LFART><ns:SRC_LOC>SP_2420</ns:SRC_LOC><ns:SRC_LOC_TXT>РџРћ 2420 Р›Р›Рљ РўРџРџ Р’РѕР»РіРѕРіСЂР°Рґ</ns:SRC_LOC_TXT><ns:STAGE_ROUTE>00001</ns:STAGE_ROUTE><ns:TRATY_STAGE>9018</ns:TRATY_STAGE><ns:VBELN>7000239609</ns:VBELN><ns:VBTYP>J</ns:VBTYP><ns:VKORG>2400</ns:VKORG><ns:VSTEL>2420</ns:VSTEL><ns:XABLN>123</ns:XABLN><ns:XPOS>55,720722</ns:XPOS><ns:YPOS>37.774463</ns:YPOS></ns:DT_TrOrder_OutDelivDocumentDelivery></ns:Delivery><ns:LICENSE>123</ns:LICENSE><ns:NET_DURATION>180</ns:NET_DURATION><ns:SEND_TO_SYSTEM>123</ns:SEND_TO_SYSTEM><ns:SIGN_DEL/><ns:STATUS>01</ns:STATUS><ns:STATUS_RECORD>123</ns:STATUS_RECORD><ns:TDLNR>147838</ns:TDLNR><ns:TDLNR_NAME>Р›Рљ РўСѓРґР°-РЎСЋРґР°</ns:TDLNR_NAME><ns:TIME_ARR>123</ns:TIME_ARR><ns:TIME_SEND>000000</ns:TIME_SEND><ns:TIME_SEND_BY>000000</ns:TIME_SEND_BY><ns:TIME_SEND_FR>000000</ns:TIME_SEND_FR><ns:TOR_ID>auto-38b72c3d8e19</ns:TOR_ID><ns:TRATY>123</ns:TRATY><ns:TRATY_TXT>123</ns:TRATY_TXT><ns:VEHICLE_CONTAINER>123</ns:VEHICLE_CONTAINER><ns:VEHICLE_NUMBER>123</ns:VEHICLE_NUMBER><ns:VSBED>123</ns:VSBED><ns:VSBED_TXT>123</ns:VSBED_TXT><ns:VSTEL_TOR>2420</ns:VSTEL_TOR><ns:VSTEL_TOR_TEXT>РђРґСЂРµСЃ РїСѓРЅРєС‚Р° РѕС‚РіСЂСѓР·РєРё РњРѕСЃРєРІР°</ns:VSTEL_TOR_TEXT></ns:DT_TrOrder_OutDelivDocument></ns:Document><ns:GuidMsgOutb>165A59AB7CA7RFDABBB38b72c3d8e19</ns:GuidMsgOutb><ns:SystemReceiver>123</ns:SystemReceiver><ns:SystemSender>123</ns:SystemSender></ns:DT_TrOrder_OutDeliv></tem:packages></tem:Load></SOAP-ENV:Body></SOAP-ENV:Envelope>

]]></system-out>
  </testcase>
  <testcase name="checkDuplicateMessageUid" classname="tests.TestControlValidDataTransportOrder" time="5.558">
    <system-out><![CDATA[auto-06ec9958cb32
Request SOAP Message:
<SOAP-ENV:Envelope xmlns:SOAP-ENV="http://schemas.xmlsoap.org/soap/envelope/" xmlns:ns="http://schemas.datacontract.org/2004/07/" xmlns:tem="http://tempuri.org/"><SOAP-ENV:Header/><SOAP-ENV:Body><tem:Load><tem:packages><ns:DT_TrOrder_OutDeliv><ns:Document><ns:DT_TrOrder_OutDelivDocument><ns:COMMENT_TXT>123</ns:COMMENT_TXT><ns:COST>500</ns:COST><ns:DATE_ARR>123</ns:DATE_ARR><ns:DATE_LICENSE>123</ns:DATE_LICENSE><ns:DATE_SEND>20240130</ns:DATE_SEND><ns:DATE_SEND_BY>20240130</ns:DATE_SEND_BY><ns:DATE_SEND_FR>20231110</ns:DATE_SEND_FR><ns:DATE_WU>123</ns:DATE_WU><ns:DRIVER>123</ns:DRIVER><ns:DRIVER_LICENSE>123</ns:DRIVER_LICENSE><ns:DRIVER_PHONE>123</ns:DRIVER_PHONE><ns:Delivery><ns:DT_TrOrder_OutDelivDocumentDelivery><ns:ADDRESS_DESCR>РіРѕСЂРѕРґ РњРѕСЃРєРІР°, СѓР»РёС†Р° Р§РµСЂРµРјСѓС€РєРёРЅСЃРєР°СЏ РЅР°Р±РµСЂРµР¶РЅР°СЏ, РґРѕРј 18</ns:ADDRESS_DESCR><ns:BLDAT>123</ns:BLDAT><ns:DES_LOC>123</ns:DES_LOC><ns:DES_LOC_TEXT>РўРµСЃС‚РѕРІС‹Р№ РџРћ РњРѕСЃРєРІР° </ns:DES_LOC_TEXT><ns:DeliveryItem><ns:DT_TrOrder_OutDelivDocumentDeliveryDeliveryItem><ns:ARKTX>РњР°СЃР»Рѕ РјРѕС‚ Р› РђРІР°РЅРі РЈР»СЊС‚СЂР° PLUS SAE 10W-40 </ns:ARKTX><ns:BISMT>123456</ns:BISMT><ns:BRGEW>217.880</ns:BRGEW><ns:CHARG>123</ns:CHARG><ns:DENSITY>123</ns:DENSITY><ns:GEWEI>KG</ns:GEWEI><ns:LFIMG>123</ns:LFIMG><ns:LGMNG>217.650</ns:LGMNG><ns:LGORT>0001</ns:LGORT><ns:MATKL>3127</ns:MATKL><ns:MATNR>00000000000000022</ns:MATNR><ns:MEINS>KG</ns:MEINS><ns:NTGEW>0.080</ns:NTGEW><ns:POSNR>000020</ns:POSNR><ns:TEMPB>123</ns:TEMPB><ns:VISCOSITY>123</ns:VISCOSITY><ns:VRKME>KG</ns:VRKME><ns:WERKS>2420</ns:WERKS><ns:ZBP_TEXT>123</ns:ZBP_TEXT><ns:ZMT_TEXT>123</ns:ZMT_TEXT></ns:DT_TrOrder_OutDelivDocumentDeliveryDeliveryItem></ns:DeliveryItem><ns:INCO1>CPT</ns:INCO1><ns:INCO2>(РўРќРџ) Рђ/Рџ Р”РћРњРћР”Р•Р”РћР’Рћ</ns:INCO2><ns:KUNAG>147838</ns:KUNAG><ns:KUNAG_NAME>РћРћРћ Р Р�Рљ РїРѕРєСѓРїР°С‚РµР»СЏ</ns:KUNAG_NAME><ns:KUNNR/><ns:KUNNR_NAME>РћРћРћ Р Р�Рљ Р“СЂСѓР·РѕРїРѕР»СѓС‡Р°С‚РµР»СЊ</ns:KUNNR_NAME><ns:LADGR>123</ns:LADGR><ns:LADGR_TEXT>123</ns:LADGR_TEXT><ns:LFART>ZMLI</ns:LFART><ns:SRC_LOC>SP_2420</ns:SRC_LOC><ns:SRC_LOC_TXT>РџРћ 2420 Р›Р›Рљ РўРџРџ Р’РѕР»РіРѕРіСЂР°Рґ</ns:SRC_LOC_TXT><ns:STAGE_ROUTE>00001</ns:STAGE_ROUTE><ns:TRATY_STAGE>9018</ns:TRATY_STAGE><ns:VBELN>7000239609</ns:VBELN><ns:VBTYP>J</ns:VBTYP><ns:VKORG>2400</ns:VKORG><ns:VSTEL>2420</ns:VSTEL><ns:XABLN>123</ns:XABLN><ns:XPOS>55,720722</ns:XPOS><ns:YPOS>37.774463</ns:YPOS></ns:DT_TrOrder_OutDelivDocumentDelivery></ns:Delivery><ns:LICENSE>123</ns:LICENSE><ns:NET_DURATION>180</ns:NET_DURATION><ns:SEND_TO_SYSTEM>123</ns:SEND_TO_SYSTEM><ns:SIGN_DEL/><ns:STATUS>01</ns:STATUS><ns:STATUS_RECORD>123</ns:STATUS_RECORD><ns:TDLNR>147838</ns:TDLNR><ns:TDLNR_NAME>Р›Рљ РўСѓРґР°-РЎСЋРґР°</ns:TDLNR_NAME><ns:TIME_ARR>123</ns:TIME_ARR><ns:TIME_SEND>000000</ns:TIME_SEND><ns:TIME_SEND_BY>000000</ns:TIME_SEND_BY><ns:TIME_SEND_FR>000000</ns:TIME_SEND_FR><ns:TOR_ID>auto-06ec9958cb32</ns:TOR_ID><ns:TRATY>123</ns:TRATY><ns:TRATY_TXT>123</ns:TRATY_TXT><ns:VEHICLE_CONTAINER>123</ns:VEHICLE_CONTAINER><ns:VEHICLE_NUMBER>123</ns:VEHICLE_NUMBER><ns:VSBED>123</ns:VSBED><ns:VSBED_TXT>123</ns:VSBED_TXT><ns:VSTEL_TOR>2420</ns:VSTEL_TOR><ns:VSTEL_TOR_TEXT>РђРґСЂРµСЃ РїСѓРЅРєС‚Р° РѕС‚РіСЂСѓР·РєРё РњРѕСЃРєРІР°</ns:VSTEL_TOR_TEXT></ns:DT_TrOrder_OutDelivDocument></ns:Document><ns:GuidMsgOutb>165A59AB7CA7RFDABBB06ec9958cb32</ns:GuidMsgOutb><ns:SystemReceiver>123</ns:SystemReceiver><ns:SystemSender>123</ns:SystemSender></ns:DT_TrOrder_OutDeliv></tem:packages></tem:Load></SOAP-ENV:Body></SOAP-ENV:Envelope>

auto-f4867e207e44
Request SOAP Message:
<SOAP-ENV:Envelope xmlns:SOAP-ENV="http://schemas.xmlsoap.org/soap/envelope/" xmlns:ns="http://schemas.datacontract.org/2004/07/" xmlns:tem="http://tempuri.org/"><SOAP-ENV:Header/><SOAP-ENV:Body><tem:Load><tem:packages><ns:DT_TrOrder_OutDeliv><ns:Document><ns:DT_TrOrder_OutDelivDocument><ns:COMMENT_TXT>123</ns:COMMENT_TXT><ns:COST>500</ns:COST><ns:DATE_ARR>123</ns:DATE_ARR><ns:DATE_LICENSE>123</ns:DATE_LICENSE><ns:DATE_SEND>20240130</ns:DATE_SEND><ns:DATE_SEND_BY>20240130</ns:DATE_SEND_BY><ns:DATE_SEND_FR>20231110</ns:DATE_SEND_FR><ns:DATE_WU>123</ns:DATE_WU><ns:DRIVER>123</ns:DRIVER><ns:DRIVER_LICENSE>123</ns:DRIVER_LICENSE><ns:DRIVER_PHONE>123</ns:DRIVER_PHONE><ns:Delivery><ns:DT_TrOrder_OutDelivDocumentDelivery><ns:ADDRESS_DESCR>РіРѕСЂРѕРґ РњРѕСЃРєРІР°, СѓР»РёС†Р° Р§РµСЂРµРјСѓС€РєРёРЅСЃРєР°СЏ РЅР°Р±РµСЂРµР¶РЅР°СЏ, РґРѕРј 18</ns:ADDRESS_DESCR><ns:BLDAT>123</ns:BLDAT><ns:DES_LOC>123</ns:DES_LOC><ns:DES_LOC_TEXT>РўРµСЃС‚РѕРІС‹Р№ РџРћ РњРѕСЃРєРІР° </ns:DES_LOC_TEXT><ns:DeliveryItem><ns:DT_TrOrder_OutDelivDocumentDeliveryDeliveryItem><ns:ARKTX>РњР°СЃР»Рѕ РјРѕС‚ Р› РђРІР°РЅРі РЈР»СЊС‚СЂР° PLUS SAE 10W-40 </ns:ARKTX><ns:BISMT>123456</ns:BISMT><ns:BRGEW>217.880</ns:BRGEW><ns:CHARG>123</ns:CHARG><ns:DENSITY>123</ns:DENSITY><ns:GEWEI>KG</ns:GEWEI><ns:LFIMG>123</ns:LFIMG><ns:LGMNG>217.650</ns:LGMNG><ns:LGORT>0001</ns:LGORT><ns:MATKL>3127</ns:MATKL><ns:MATNR>00000000000000022</ns:MATNR><ns:MEINS>KG</ns:MEINS><ns:NTGEW>0.080</ns:NTGEW><ns:POSNR>000020</ns:POSNR><ns:TEMPB>123</ns:TEMPB><ns:VISCOSITY>123</ns:VISCOSITY><ns:VRKME>KG</ns:VRKME><ns:WERKS>2420</ns:WERKS><ns:ZBP_TEXT>123</ns:ZBP_TEXT><ns:ZMT_TEXT>123</ns:ZMT_TEXT></ns:DT_TrOrder_OutDelivDocumentDeliveryDeliveryItem></ns:DeliveryItem><ns:INCO1>CPT</ns:INCO1><ns:INCO2>(РўРќРџ) Рђ/Рџ Р”РћРњРћР”Р•Р”РћР’Рћ</ns:INCO2><ns:KUNAG>147838</ns:KUNAG><ns:KUNAG_NAME>РћРћРћ Р Р�Рљ РїРѕРєСѓРїР°С‚РµР»СЏ</ns:KUNAG_NAME><ns:KUNNR/><ns:KUNNR_NAME>РћРћРћ Р Р�Рљ Р“СЂСѓР·РѕРїРѕР»СѓС‡Р°С‚РµР»СЊ</ns:KUNNR_NAME><ns:LADGR>123</ns:LADGR><ns:LADGR_TEXT>123</ns:LADGR_TEXT><ns:LFART>ZMLI</ns:LFART><ns:SRC_LOC>SP_2420</ns:SRC_LOC><ns:SRC_LOC_TXT>РџРћ 2420 Р›Р›Рљ РўРџРџ Р’РѕР»РіРѕРіСЂР°Рґ</ns:SRC_LOC_TXT><ns:STAGE_ROUTE>00001</ns:STAGE_ROUTE><ns:TRATY_STAGE>9018</ns:TRATY_STAGE><ns:VBELN>7000239609</ns:VBELN><ns:VBTYP>J</ns:VBTYP><ns:VKORG>2400</ns:VKORG><ns:VSTEL>2420</ns:VSTEL><ns:XABLN>123</ns:XABLN><ns:XPOS>55,720722</ns:XPOS><ns:YPOS>37.774463</ns:YPOS></ns:DT_TrOrder_OutDelivDocumentDelivery></ns:Delivery><ns:LICENSE>123</ns:LICENSE><ns:NET_DURATION>180</ns:NET_DURATION><ns:SEND_TO_SYSTEM>123</ns:SEND_TO_SYSTEM><ns:SIGN_DEL/><ns:STATUS>01</ns:STATUS><ns:STATUS_RECORD>123</ns:STATUS_RECORD><ns:TDLNR>147838</ns:TDLNR><ns:TDLNR_NAME>Р›Рљ РўСѓРґР°-РЎСЋРґР°</ns:TDLNR_NAME><ns:TIME_ARR>123</ns:TIME_ARR><ns:TIME_SEND>000000</ns:TIME_SEND><ns:TIME_SEND_BY>000000</ns:TIME_SEND_BY><ns:TIME_SEND_FR>000000</ns:TIME_SEND_FR><ns:TOR_ID>auto-f4867e207e44</ns:TOR_ID><ns:TRATY>123</ns:TRATY><ns:TRATY_TXT>123</ns:TRATY_TXT><ns:VEHICLE_CONTAINER>123</ns:VEHICLE_CONTAINER><ns:VEHICLE_NUMBER>123</ns:VEHICLE_NUMBER><ns:VSBED>123</ns:VSBED><ns:VSBED_TXT>123</ns:VSBED_TXT><ns:VSTEL_TOR>2420</ns:VSTEL_TOR><ns:VSTEL_TOR_TEXT>РђРґСЂРµСЃ РїСѓРЅРєС‚Р° РѕС‚РіСЂСѓР·РєРё РњРѕСЃРєРІР°</ns:VSTEL_TOR_TEXT></ns:DT_TrOrder_OutDelivDocument></ns:Document><ns:GuidMsgOutb>165A59AB7CA7RFDABBB06ec9958cb32</ns:GuidMsgOutb><ns:SystemReceiver>123</ns:SystemReceiver><ns:SystemSender>123</ns:SystemSender></ns:DT_TrOrder_OutDeliv></tem:packages></tem:Load></SOAP-ENV:Body></SOAP-ENV:Envelope>

]]></system-out>
  </testcase>
  <testcase name="checkNoKUNAGandTDLNR" classname="tests.TestControlValidDataTransportOrder" time="6.006">
    <system-out><![CDATA[auto-5a23a1381672
Request SOAP Message:
<SOAP-ENV:Envelope xmlns:SOAP-ENV="http://schemas.xmlsoap.org/soap/envelope/" xmlns:ns="http://schemas.datacontract.org/2004/07/" xmlns:tem="http://tempuri.org/"><SOAP-ENV:Header/><SOAP-ENV:Body><tem:Load><tem:packages><ns:DT_TrOrder_OutDeliv><ns:Document><ns:DT_TrOrder_OutDelivDocument><ns:COMMENT_TXT>123</ns:COMMENT_TXT><ns:COST>500</ns:COST><ns:DATE_ARR>123</ns:DATE_ARR><ns:DATE_LICENSE>123</ns:DATE_LICENSE><ns:DATE_SEND>20240130</ns:DATE_SEND><ns:DATE_SEND_BY>20240130</ns:DATE_SEND_BY><ns:DATE_SEND_FR>20231110</ns:DATE_SEND_FR><ns:DATE_WU>123</ns:DATE_WU><ns:DRIVER>123</ns:DRIVER><ns:DRIVER_LICENSE>123</ns:DRIVER_LICENSE><ns:DRIVER_PHONE>123</ns:DRIVER_PHONE><ns:Delivery><ns:DT_TrOrder_OutDelivDocumentDelivery><ns:ADDRESS_DESCR>РіРѕСЂРѕРґ РњРѕСЃРєРІР°, СѓР»РёС†Р° Р§РµСЂРµРјСѓС€РєРёРЅСЃРєР°СЏ РЅР°Р±РµСЂРµР¶РЅР°СЏ, РґРѕРј 18</ns:ADDRESS_DESCR><ns:BLDAT>123</ns:BLDAT><ns:DES_LOC>123</ns:DES_LOC><ns:DES_LOC_TEXT>РўРµСЃС‚РѕРІС‹Р№ РџРћ РњРѕСЃРєРІР° </ns:DES_LOC_TEXT><ns:DeliveryItem><ns:DT_TrOrder_OutDelivDocumentDeliveryDeliveryItem><ns:ARKTX>РњР°СЃР»Рѕ РјРѕС‚ Р› РђРІР°РЅРі РЈР»СЊС‚СЂР° PLUS SAE 10W-40 </ns:ARKTX><ns:BISMT>123456</ns:BISMT><ns:BRGEW>217.880</ns:BRGEW><ns:CHARG>123</ns:CHARG><ns:DENSITY>123</ns:DENSITY><ns:GEWEI>KG</ns:GEWEI><ns:LFIMG>123</ns:LFIMG><ns:LGMNG>217.650</ns:LGMNG><ns:LGORT>0001</ns:LGORT><ns:MATKL>3127</ns:MATKL><ns:MATNR>00000000000000022</ns:MATNR><ns:MEINS>KG</ns:MEINS><ns:NTGEW>0.080</ns:NTGEW><ns:POSNR>000020</ns:POSNR><ns:TEMPB>123</ns:TEMPB><ns:VISCOSITY>123</ns:VISCOSITY><ns:VRKME>KG</ns:VRKME><ns:WERKS>2420</ns:WERKS><ns:ZBP_TEXT>123</ns:ZBP_TEXT><ns:ZMT_TEXT>123</ns:ZMT_TEXT></ns:DT_TrOrder_OutDelivDocumentDeliveryDeliveryItem></ns:DeliveryItem><ns:INCO1>CPT</ns:INCO1><ns:INCO2>(РўРќРџ) Рђ/Рџ Р”РћРњРћР”Р•Р”РћР’Рћ</ns:INCO2><ns:KUNAG/><ns:KUNAG_NAME>РћРћРћ Р Р�Рљ РїРѕРєСѓРїР°С‚РµР»СЏ</ns:KUNAG_NAME><ns:KUNNR/><ns:KUNNR_NAME>РћРћРћ Р Р�Рљ Р“СЂСѓР·РѕРїРѕР»СѓС‡Р°С‚РµР»СЊ</ns:KUNNR_NAME><ns:LADGR>123</ns:LADGR><ns:LADGR_TEXT>123</ns:LADGR_TEXT><ns:LFART>ZMLI</ns:LFART><ns:SRC_LOC>SP_2420</ns:SRC_LOC><ns:SRC_LOC_TXT>РџРћ 2420 Р›Р›Рљ РўРџРџ Р’РѕР»РіРѕРіСЂР°Рґ</ns:SRC_LOC_TXT><ns:STAGE_ROUTE>00001</ns:STAGE_ROUTE><ns:TRATY_STAGE>9018</ns:TRATY_STAGE><ns:VBELN>7000239609</ns:VBELN><ns:VBTYP>J</ns:VBTYP><ns:VKORG>2400</ns:VKORG><ns:VSTEL>2420</ns:VSTEL><ns:XABLN>123</ns:XABLN><ns:XPOS>55,720722</ns:XPOS><ns:YPOS>37.774463</ns:YPOS></ns:DT_TrOrder_OutDelivDocumentDelivery></ns:Delivery><ns:LICENSE>123</ns:LICENSE><ns:NET_DURATION>180</ns:NET_DURATION><ns:SEND_TO_SYSTEM>123</ns:SEND_TO_SYSTEM><ns:SIGN_DEL/><ns:STATUS>01</ns:STATUS><ns:STATUS_RECORD>123</ns:STATUS_RECORD><ns:TDLNR/><ns:TDLNR_NAME>Р›Рљ РўСѓРґР°-РЎСЋРґР°</ns:TDLNR_NAME><ns:TIME_ARR>123</ns:TIME_ARR><ns:TIME_SEND>000000</ns:TIME_SEND><ns:TIME_SEND_BY>000000</ns:TIME_SEND_BY><ns:TIME_SEND_FR>000000</ns:TIME_SEND_FR><ns:TOR_ID>auto-5a23a1381672</ns:TOR_ID><ns:TRATY>123</ns:TRATY><ns:TRATY_TXT>123</ns:TRATY_TXT><ns:VEHICLE_CONTAINER>123</ns:VEHICLE_CONTAINER><ns:VEHICLE_NUMBER>123</ns:VEHICLE_NUMBER><ns:VSBED>123</ns:VSBED><ns:VSBED_TXT>123</ns:VSBED_TXT><ns:VSTEL_TOR>2420</ns:VSTEL_TOR><ns:VSTEL_TOR_TEXT>РђРґСЂРµСЃ РїСѓРЅРєС‚Р° РѕС‚РіСЂСѓР·РєРё РњРѕСЃРєРІР°</ns:VSTEL_TOR_TEXT></ns:DT_TrOrder_OutDelivDocument></ns:Document><ns:GuidMsgOutb>165A59AB7CA7RFDABBB5a23a1381672</ns:GuidMsgOutb><ns:SystemReceiver>123</ns:SystemReceiver><ns:SystemSender>123</ns:SystemSender></ns:DT_TrOrder_OutDeliv></tem:packages></tem:Load></SOAP-ENV:Body></SOAP-ENV:Envelope>

]]></system-out>
  </testcase>
  <testcase name="checkNoDES_LOC_TEXT" classname="tests.TestControlValidDataTransportOrder" time="5.72">
    <system-out><![CDATA[auto-cac08d9b51b0
Request SOAP Message:
<SOAP-ENV:Envelope xmlns:SOAP-ENV="http://schemas.xmlsoap.org/soap/envelope/" xmlns:ns="http://schemas.datacontract.org/2004/07/" xmlns:tem="http://tempuri.org/"><SOAP-ENV:Header/><SOAP-ENV:Body><tem:Load><tem:packages><ns:DT_TrOrder_OutDeliv><ns:Document><ns:DT_TrOrder_OutDelivDocument><ns:COMMENT_TXT>123</ns:COMMENT_TXT><ns:COST>500</ns:COST><ns:DATE_ARR>123</ns:DATE_ARR><ns:DATE_LICENSE>123</ns:DATE_LICENSE><ns:DATE_SEND>20240130</ns:DATE_SEND><ns:DATE_SEND_BY>20240130</ns:DATE_SEND_BY><ns:DATE_SEND_FR>20231110</ns:DATE_SEND_FR><ns:DATE_WU>123</ns:DATE_WU><ns:DRIVER>123</ns:DRIVER><ns:DRIVER_LICENSE>123</ns:DRIVER_LICENSE><ns:DRIVER_PHONE>123</ns:DRIVER_PHONE><ns:Delivery><ns:DT_TrOrder_OutDelivDocumentDelivery><ns:ADDRESS_DESCR>РіРѕСЂРѕРґ РњРѕСЃРєРІР°, СѓР»РёС†Р° Р§РµСЂРµРјСѓС€РєРёРЅСЃРєР°СЏ РЅР°Р±РµСЂРµР¶РЅР°СЏ, РґРѕРј 18</ns:ADDRESS_DESCR><ns:BLDAT>123</ns:BLDAT><ns:DES_LOC>123</ns:DES_LOC><ns:DES_LOC_TEXT/><ns:DeliveryItem><ns:DT_TrOrder_OutDelivDocumentDeliveryDeliveryItem><ns:ARKTX>РњР°СЃР»Рѕ РјРѕС‚ Р› РђРІР°РЅРі РЈР»СЊС‚СЂР° PLUS SAE 10W-40 </ns:ARKTX><ns:BISMT>123456</ns:BISMT><ns:BRGEW>217.880</ns:BRGEW><ns:CHARG>123</ns:CHARG><ns:DENSITY>123</ns:DENSITY><ns:GEWEI>KG</ns:GEWEI><ns:LFIMG>123</ns:LFIMG><ns:LGMNG>217.650</ns:LGMNG><ns:LGORT>0001</ns:LGORT><ns:MATKL>3127</ns:MATKL><ns:MATNR>00000000000000022</ns:MATNR><ns:MEINS>KG</ns:MEINS><ns:NTGEW>0.080</ns:NTGEW><ns:POSNR>000020</ns:POSNR><ns:TEMPB>123</ns:TEMPB><ns:VISCOSITY>123</ns:VISCOSITY><ns:VRKME>KG</ns:VRKME><ns:WERKS>2420</ns:WERKS><ns:ZBP_TEXT>123</ns:ZBP_TEXT><ns:ZMT_TEXT>123</ns:ZMT_TEXT></ns:DT_TrOrder_OutDelivDocumentDeliveryDeliveryItem></ns:DeliveryItem><ns:INCO1>CPT</ns:INCO1><ns:INCO2>(РўРќРџ) Рђ/Рџ Р”РћРњРћР”Р•Р”РћР’Рћ</ns:INCO2><ns:KUNAG>147838</ns:KUNAG><ns:KUNAG_NAME>РћРћРћ Р Р�Рљ РїРѕРєСѓРїР°С‚РµР»СЏ</ns:KUNAG_NAME><ns:KUNNR/><ns:KUNNR_NAME>РћРћРћ Р Р�Рљ Р“СЂСѓР·РѕРїРѕР»СѓС‡Р°С‚РµР»СЊ</ns:KUNNR_NAME><ns:LADGR>123</ns:LADGR><ns:LADGR_TEXT>123</ns:LADGR_TEXT><ns:LFART>ZMLI</ns:LFART><ns:SRC_LOC>SP_2420</ns:SRC_LOC><ns:SRC_LOC_TXT>РџРћ 2420 Р›Р›Рљ РўРџРџ Р’РѕР»РіРѕРіСЂР°Рґ</ns:SRC_LOC_TXT><ns:STAGE_ROUTE>00001</ns:STAGE_ROUTE><ns:TRATY_STAGE>9018</ns:TRATY_STAGE><ns:VBELN>7000239609</ns:VBELN><ns:VBTYP>J</ns:VBTYP><ns:VKORG>2400</ns:VKORG><ns:VSTEL>2420</ns:VSTEL><ns:XABLN>123</ns:XABLN><ns:XPOS>55,720722</ns:XPOS><ns:YPOS>37.774463</ns:YPOS></ns:DT_TrOrder_OutDelivDocumentDelivery></ns:Delivery><ns:LICENSE>123</ns:LICENSE><ns:NET_DURATION>180</ns:NET_DURATION><ns:SEND_TO_SYSTEM>123</ns:SEND_TO_SYSTEM><ns:SIGN_DEL/><ns:STATUS>01</ns:STATUS><ns:STATUS_RECORD>123</ns:STATUS_RECORD><ns:TDLNR>147838</ns:TDLNR><ns:TDLNR_NAME>Р›Рљ РўСѓРґР°-РЎСЋРґР°</ns:TDLNR_NAME><ns:TIME_ARR>123</ns:TIME_ARR><ns:TIME_SEND>000000</ns:TIME_SEND><ns:TIME_SEND_BY>000000</ns:TIME_SEND_BY><ns:TIME_SEND_FR>000000</ns:TIME_SEND_FR><ns:TOR_ID>auto-cac08d9b51b0</ns:TOR_ID><ns:TRATY>123</ns:TRATY><ns:TRATY_TXT>123</ns:TRATY_TXT><ns:VEHICLE_CONTAINER>123</ns:VEHICLE_CONTAINER><ns:VEHICLE_NUMBER>123</ns:VEHICLE_NUMBER><ns:VSBED>123</ns:VSBED><ns:VSBED_TXT>123</ns:VSBED_TXT><ns:VSTEL_TOR>2420</ns:VSTEL_TOR><ns:VSTEL_TOR_TEXT>РђРґСЂРµСЃ РїСѓРЅРєС‚Р° РѕС‚РіСЂСѓР·РєРё РњРѕСЃРєРІР°</ns:VSTEL_TOR_TEXT></ns:DT_TrOrder_OutDelivDocument></ns:Document><ns:GuidMsgOutb>165A59AB7CA7RFDABBBcac08d9b51b0</ns:GuidMsgOutb><ns:SystemReceiver>123</ns:SystemReceiver><ns:SystemSender>123</ns:SystemSender></ns:DT_TrOrder_OutDeliv></tem:packages></tem:Load></SOAP-ENV:Body></SOAP-ENV:Envelope>

]]></system-out>
  </testcase>
  <testcase name="checkNoMATNR" classname="tests.TestControlValidDataTransportOrder" time="5.871">
    <system-out><![CDATA[auto-34b113745099
Request SOAP Message:
<SOAP-ENV:Envelope xmlns:SOAP-ENV="http://schemas.xmlsoap.org/soap/envelope/" xmlns:ns="http://schemas.datacontract.org/2004/07/" xmlns:tem="http://tempuri.org/"><SOAP-ENV:Header/><SOAP-ENV:Body><tem:Load><tem:packages><ns:DT_TrOrder_OutDeliv><ns:Document><ns:DT_TrOrder_OutDelivDocument><ns:COMMENT_TXT>123</ns:COMMENT_TXT><ns:COST>500</ns:COST><ns:DATE_ARR>123</ns:DATE_ARR><ns:DATE_LICENSE>123</ns:DATE_LICENSE><ns:DATE_SEND>20240130</ns:DATE_SEND><ns:DATE_SEND_BY>20240130</ns:DATE_SEND_BY><ns:DATE_SEND_FR>20231110</ns:DATE_SEND_FR><ns:DATE_WU>123</ns:DATE_WU><ns:DRIVER>123</ns:DRIVER><ns:DRIVER_LICENSE>123</ns:DRIVER_LICENSE><ns:DRIVER_PHONE>123</ns:DRIVER_PHONE><ns:Delivery><ns:DT_TrOrder_OutDelivDocumentDelivery><ns:ADDRESS_DESCR>РіРѕСЂРѕРґ РњРѕСЃРєРІР°, СѓР»РёС†Р° Р§РµСЂРµРјСѓС€РєРёРЅСЃРєР°СЏ РЅР°Р±РµСЂРµР¶РЅР°СЏ, РґРѕРј 18</ns:ADDRESS_DESCR><ns:BLDAT>123</ns:BLDAT><ns:DES_LOC>123</ns:DES_LOC><ns:DES_LOC_TEXT>РўРµСЃС‚РѕРІС‹Р№ РџРћ РњРѕСЃРєРІР° </ns:DES_LOC_TEXT><ns:DeliveryItem><ns:DT_TrOrder_OutDelivDocumentDeliveryDeliveryItem><ns:ARKTX>РњР°СЃР»Рѕ РјРѕС‚ Р› РђРІР°РЅРі РЈР»СЊС‚СЂР° PLUS SAE 10W-40 </ns:ARKTX><ns:BISMT>123456</ns:BISMT><ns:BRGEW>217.880</ns:BRGEW><ns:CHARG>123</ns:CHARG><ns:DENSITY>123</ns:DENSITY><ns:GEWEI>KG</ns:GEWEI><ns:LFIMG>123</ns:LFIMG><ns:LGMNG>217.650</ns:LGMNG><ns:LGORT>0001</ns:LGORT><ns:MATKL>3127</ns:MATKL><ns:MATNR/><ns:MEINS>KG</ns:MEINS><ns:NTGEW>0.080</ns:NTGEW><ns:POSNR>000020</ns:POSNR><ns:TEMPB>123</ns:TEMPB><ns:VISCOSITY>123</ns:VISCOSITY><ns:VRKME>KG</ns:VRKME><ns:WERKS>2420</ns:WERKS><ns:ZBP_TEXT>123</ns:ZBP_TEXT><ns:ZMT_TEXT>123</ns:ZMT_TEXT></ns:DT_TrOrder_OutDelivDocumentDeliveryDeliveryItem></ns:DeliveryItem><ns:INCO1>CPT</ns:INCO1><ns:INCO2>(РўРќРџ) Рђ/Рџ Р”РћРњРћР”Р•Р”РћР’Рћ</ns:INCO2><ns:KUNAG>147838</ns:KUNAG><ns:KUNAG_NAME>РћРћРћ Р Р�Рљ РїРѕРєСѓРїР°С‚РµР»СЏ</ns:KUNAG_NAME><ns:KUNNR/><ns:KUNNR_NAME>РћРћРћ Р Р�Рљ Р“СЂСѓР·РѕРїРѕР»СѓС‡Р°С‚РµР»СЊ</ns:KUNNR_NAME><ns:LADGR>123</ns:LADGR><ns:LADGR_TEXT>123</ns:LADGR_TEXT><ns:LFART>ZMLI</ns:LFART><ns:SRC_LOC>SP_2420</ns:SRC_LOC><ns:SRC_LOC_TXT>РџРћ 2420 Р›Р›Рљ РўРџРџ Р’РѕР»РіРѕРіСЂР°Рґ</ns:SRC_LOC_TXT><ns:STAGE_ROUTE>00001</ns:STAGE_ROUTE><ns:TRATY_STAGE>9018</ns:TRATY_STAGE><ns:VBELN>7000239609</ns:VBELN><ns:VBTYP>J</ns:VBTYP><ns:VKORG>2400</ns:VKORG><ns:VSTEL>2420</ns:VSTEL><ns:XABLN>123</ns:XABLN><ns:XPOS>55,720722</ns:XPOS><ns:YPOS>37.774463</ns:YPOS></ns:DT_TrOrder_OutDelivDocumentDelivery></ns:Delivery><ns:LICENSE>123</ns:LICENSE><ns:NET_DURATION>180</ns:NET_DURATION><ns:SEND_TO_SYSTEM>123</ns:SEND_TO_SYSTEM><ns:SIGN_DEL/><ns:STATUS>01</ns:STATUS><ns:STATUS_RECORD>123</ns:STATUS_RECORD><ns:TDLNR>147838</ns:TDLNR><ns:TDLNR_NAME>Р›Рљ РўСѓРґР°-РЎСЋРґР°</ns:TDLNR_NAME><ns:TIME_ARR>123</ns:TIME_ARR><ns:TIME_SEND>000000</ns:TIME_SEND><ns:TIME_SEND_BY>000000</ns:TIME_SEND_BY><ns:TIME_SEND_FR>000000</ns:TIME_SEND_FR><ns:TOR_ID>auto-34b113745099</ns:TOR_ID><ns:TRATY>123</ns:TRATY><ns:TRATY_TXT>123</ns:TRATY_TXT><ns:VEHICLE_CONTAINER>123</ns:VEHICLE_CONTAINER><ns:VEHICLE_NUMBER>123</ns:VEHICLE_NUMBER><ns:VSBED>123</ns:VSBED><ns:VSBED_TXT>123</ns:VSBED_TXT><ns:VSTEL_TOR>2420</ns:VSTEL_TOR><ns:VSTEL_TOR_TEXT>РђРґСЂРµСЃ РїСѓРЅРєС‚Р° РѕС‚РіСЂСѓР·РєРё РњРѕСЃРєРІР°</ns:VSTEL_TOR_TEXT></ns:DT_TrOrder_OutDelivDocument></ns:Document><ns:GuidMsgOutb>165A59AB7CA7RFDABBB34b113745099</ns:GuidMsgOutb><ns:SystemReceiver>123</ns:SystemReceiver><ns:SystemSender>123</ns:SystemSender></ns:DT_TrOrder_OutDeliv></tem:packages></tem:Load></SOAP-ENV:Body></SOAP-ENV:Envelope>

]]></system-out>
  </testcase>
  <testcase name="checkNoVSTEL" classname="tests.TestControlValidDataTransportOrder" time="5.893">
    <system-out><![CDATA[auto-c641d7a46fea
Request SOAP Message:
<SOAP-ENV:Envelope xmlns:SOAP-ENV="http://schemas.xmlsoap.org/soap/envelope/" xmlns:ns="http://schemas.datacontract.org/2004/07/" xmlns:tem="http://tempuri.org/"><SOAP-ENV:Header/><SOAP-ENV:Body><tem:Load><tem:packages><ns:DT_TrOrder_OutDeliv><ns:Document><ns:DT_TrOrder_OutDelivDocument><ns:COMMENT_TXT>123</ns:COMMENT_TXT><ns:COST>500</ns:COST><ns:DATE_ARR>123</ns:DATE_ARR><ns:DATE_LICENSE>123</ns:DATE_LICENSE><ns:DATE_SEND>20240130</ns:DATE_SEND><ns:DATE_SEND_BY>20240130</ns:DATE_SEND_BY><ns:DATE_SEND_FR>20231110</ns:DATE_SEND_FR><ns:DATE_WU>123</ns:DATE_WU><ns:DRIVER>123</ns:DRIVER><ns:DRIVER_LICENSE>123</ns:DRIVER_LICENSE><ns:DRIVER_PHONE>123</ns:DRIVER_PHONE><ns:Delivery><ns:DT_TrOrder_OutDelivDocumentDelivery><ns:ADDRESS_DESCR>РіРѕСЂРѕРґ РњРѕСЃРєРІР°, СѓР»РёС†Р° Р§РµСЂРµРјСѓС€РєРёРЅСЃРєР°СЏ РЅР°Р±РµСЂРµР¶РЅР°СЏ, РґРѕРј 18</ns:ADDRESS_DESCR><ns:BLDAT>123</ns:BLDAT><ns:DES_LOC>123</ns:DES_LOC><ns:DES_LOC_TEXT>РўРµСЃС‚РѕРІС‹Р№ РџРћ РњРѕСЃРєРІР° </ns:DES_LOC_TEXT><ns:DeliveryItem><ns:DT_TrOrder_OutDelivDocumentDeliveryDeliveryItem><ns:ARKTX>РњР°СЃР»Рѕ РјРѕС‚ Р› РђРІР°РЅРі РЈР»СЊС‚СЂР° PLUS SAE 10W-40 </ns:ARKTX><ns:BISMT>123456</ns:BISMT><ns:BRGEW>217.880</ns:BRGEW><ns:CHARG>123</ns:CHARG><ns:DENSITY>123</ns:DENSITY><ns:GEWEI>KG</ns:GEWEI><ns:LFIMG>123</ns:LFIMG><ns:LGMNG>217.650</ns:LGMNG><ns:LGORT>0001</ns:LGORT><ns:MATKL>3127</ns:MATKL><ns:MATNR>00000000000000022</ns:MATNR><ns:MEINS>KG</ns:MEINS><ns:NTGEW>0.080</ns:NTGEW><ns:POSNR>000020</ns:POSNR><ns:TEMPB>123</ns:TEMPB><ns:VISCOSITY>123</ns:VISCOSITY><ns:VRKME>KG</ns:VRKME><ns:WERKS>2420</ns:WERKS><ns:ZBP_TEXT>123</ns:ZBP_TEXT><ns:ZMT_TEXT>123</ns:ZMT_TEXT></ns:DT_TrOrder_OutDelivDocumentDeliveryDeliveryItem></ns:DeliveryItem><ns:INCO1>CPT</ns:INCO1><ns:INCO2>(РўРќРџ) Рђ/Рџ Р”РћРњРћР”Р•Р”РћР’Рћ</ns:INCO2><ns:KUNAG>147838</ns:KUNAG><ns:KUNAG_NAME>РћРћРћ Р Р�Рљ РїРѕРєСѓРїР°С‚РµР»СЏ</ns:KUNAG_NAME><ns:KUNNR/><ns:KUNNR_NAME>РћРћРћ Р Р�Рљ Р“СЂСѓР·РѕРїРѕР»СѓС‡Р°С‚РµР»СЊ</ns:KUNNR_NAME><ns:LADGR>123</ns:LADGR><ns:LADGR_TEXT>123</ns:LADGR_TEXT><ns:LFART>ZMLI</ns:LFART><ns:SRC_LOC>SP_2420</ns:SRC_LOC><ns:SRC_LOC_TXT>РџРћ 2420 Р›Р›Рљ РўРџРџ Р’РѕР»РіРѕРіСЂР°Рґ</ns:SRC_LOC_TXT><ns:STAGE_ROUTE>00001</ns:STAGE_ROUTE><ns:TRATY_STAGE>9018</ns:TRATY_STAGE><ns:VBELN>7000239609</ns:VBELN><ns:VBTYP>J</ns:VBTYP><ns:VKORG>2400</ns:VKORG><ns:VSTEL/><ns:XABLN>123</ns:XABLN><ns:XPOS>55,720722</ns:XPOS><ns:YPOS>37.774463</ns:YPOS></ns:DT_TrOrder_OutDelivDocumentDelivery></ns:Delivery><ns:LICENSE>123</ns:LICENSE><ns:NET_DURATION>180</ns:NET_DURATION><ns:SEND_TO_SYSTEM>123</ns:SEND_TO_SYSTEM><ns:SIGN_DEL/><ns:STATUS>01</ns:STATUS><ns:STATUS_RECORD>123</ns:STATUS_RECORD><ns:TDLNR>147838</ns:TDLNR><ns:TDLNR_NAME>Р›Рљ РўСѓРґР°-РЎСЋРґР°</ns:TDLNR_NAME><ns:TIME_ARR>123</ns:TIME_ARR><ns:TIME_SEND>000000</ns:TIME_SEND><ns:TIME_SEND_BY>000000</ns:TIME_SEND_BY><ns:TIME_SEND_FR>000000</ns:TIME_SEND_FR><ns:TOR_ID>auto-c641d7a46fea</ns:TOR_ID><ns:TRATY>123</ns:TRATY><ns:TRATY_TXT>123</ns:TRATY_TXT><ns:VEHICLE_CONTAINER>123</ns:VEHICLE_CONTAINER><ns:VEHICLE_NUMBER>123</ns:VEHICLE_NUMBER><ns:VSBED>123</ns:VSBED><ns:VSBED_TXT>123</ns:VSBED_TXT><ns:VSTEL_TOR>2420</ns:VSTEL_TOR><ns:VSTEL_TOR_TEXT>РђРґСЂРµСЃ РїСѓРЅРєС‚Р° РѕС‚РіСЂСѓР·РєРё РњРѕСЃРєРІР°</ns:VSTEL_TOR_TEXT></ns:DT_TrOrder_OutDelivDocument></ns:Document><ns:GuidMsgOutb>165A59AB7CA7RFDABBBc641d7a46fea</ns:GuidMsgOutb><ns:SystemReceiver>123</ns:SystemReceiver><ns:SystemSender>123</ns:SystemSender></ns:DT_TrOrder_OutDeliv></tem:packages></tem:Load></SOAP-ENV:Body></SOAP-ENV:Envelope>

]]></system-out>
  </testcase>
</testsuite>